{"timestamp": "2025-11-07T05:00:01.502856", "level": "ERROR", "logger": "main", "message": "Unhandled exception: Object of type datetime is not JSON serializable", "module": "main", "function": "global_exception_handler", "line": 112, "exception": "Traceback (most recent call last):\n  File \"C:\\Users\\Allot\\AppData\\Local\\Programs\\Python\\Python312\\Lib\\site-packages\\anyio\\streams\\memory.py\", line 98, in receive\n    return self.receive_nowait()\n           ^^^^^^^^^^^^^^^^^^^^^\n  File \"C:\\Users\\Allot\\AppData\\Local\\Programs\\Python\\Python312\\Lib\\site-packages\\anyio\\streams\\memory.py\", line 93, in receive_nowait\n    raise WouldBlock\nanyio.WouldBlock\n\nDuring handling of the above exception, another exception occurred:\n\nTraceback (most recent call last):\n  File \"C:\\Users\\Allot\\AppData\\Local\\Programs\\Python\\Python312\\Lib\\site-packages\\starlette\\middleware\\base.py\", line 157, in call_next\n    message = await recv_stream.receive()\n              ^^^^^^^^^^^^^^^^^^^^^^^^^^^\n  File \"C:\\Users\\Allot\\AppData\\Local\\Programs\\Python\\Python312\\Lib\\site-packages\\anyio\\streams\\memory.py\", line 118, in receive\n    raise EndOfStream\nanyio.EndOfStream\n\nDuring handling of the above exception, another exception occurred:\n\nTraceback (most recent call last):\n  File \"C:\\Users\\Allot\\AppData\\Local\\Programs\\Python\\Python312\\Lib\\site-packages\\starlette\\middleware\\errors.py\", line 165, in __call__\n    await self.app(scope, receive, _send)\n  File \"C:\\Users\\Allot\\AppData\\Local\\Programs\\Python\\Python312\\Lib\\site-packages\\starlette\\middleware\\trustedhost.py\", line 36, in __call__\n    await self.app(scope, receive, send)\n  File \"C:\\Users\\Allot\\AppData\\Local\\Programs\\Python\\Python312\\Lib\\site-packages\\starlette\\middleware\\cors.py\", line 85, in __call__\n    await self.app(scope, receive, send)\n  File \"C:\\Users\\Allot\\AppData\\Local\\Programs\\Python\\Python312\\Lib\\site-packages\\starlette\\middleware\\base.py\", line 187, in __call__\n    response = await self.dispatch_func(request, call_next)\n               ^^^^^^^^^^^^^^^^^^^^^^^^^^^^^^^^^^^^^^^^^^^^\n  File \"C:\\Users\\Allot\\OneDrive\\Desktop\\TCA-IRR-APP-main- simplify\\backend\\app\\middleware\\error_handling.py\", line 168, in dispatch\n    return await call_next(request)\n           ^^^^^^^^^^^^^^^^^^^^^^^^\n  File \"C:\\Users\\Allot\\AppData\\Local\\Programs\\Python\\Python312\\Lib\\site-packages\\starlette\\middleware\\base.py\", line 163, in call_next\n    raise app_exc\n  File \"C:\\Users\\Allot\\AppData\\Local\\Programs\\Python\\Python312\\Lib\\site-packages\\starlette\\middleware\\base.py\", line 149, in coro\n    await self.app(scope, receive_or_disconnect, send_no_error)\n  File \"C:\\Users\\Allot\\AppData\\Local\\Programs\\Python\\Python312\\Lib\\site-packages\\starlette\\middleware\\base.py\", line 187, in __call__\n    response = await self.dispatch_func(request, call_next)\n               ^^^^^^^^^^^^^^^^^^^^^^^^^^^^^^^^^^^^^^^^^^^^\n  File \"C:\\Users\\Allot\\OneDrive\\Desktop\\TCA-IRR-APP-main- simplify\\backend\\app\\middleware\\error_handling.py\", line 68, in dispatch\n    response = await call_next(request)\n               ^^^^^^^^^^^^^^^^^^^^^^^^\n  File \"C:\\Users\\Allot\\AppData\\Local\\Programs\\Python\\Python312\\Lib\\site-packages\\starlette\\middleware\\base.py\", line 163, in call_next\n    raise app_exc\n  File \"C:\\Users\\Allot\\AppData\\Local\\Programs\\Python\\Python312\\Lib\\site-packages\\starlette\\middleware\\base.py\", line 149, in coro\n    await self.app(scope, receive_or_disconnect, send_no_error)\n  File \"C:\\Users\\Allot\\AppData\\Local\\Programs\\Python\\Python312\\Lib\\site-packages\\starlette\\middleware\\base.py\", line 187, in __call__\n    response = await self.dispatch_func(request, call_next)\n               ^^^^^^^^^^^^^^^^^^^^^^^^^^^^^^^^^^^^^^^^^^^^\n  File \"C:\\Users\\Allot\\OneDrive\\Desktop\\TCA-IRR-APP-main- simplify\\backend\\app\\middleware\\error_handling.py\", line 51, in dispatch\n    return JSONResponse(\n           ^^^^^^^^^^^^^\n  File \"C:\\Users\\Allot\\AppData\\Local\\Programs\\Python\\Python312\\Lib\\site-packages\\starlette\\responses.py\", line 180, in __init__\n    super().__init__(content, status_code, headers, media_type, background)\n  File \"C:\\Users\\Allot\\AppData\\Local\\Programs\\Python\\Python312\\Lib\\site-packages\\starlette\\responses.py\", line 43, in __init__\n    self.body = self.render(content)\n                ^^^^^^^^^^^^^^^^^^^^\n  File \"C:\\Users\\Allot\\AppData\\Local\\Programs\\Python\\Python312\\Lib\\site-packages\\starlette\\responses.py\", line 183, in render\n    return json.dumps(\n           ^^^^^^^^^^^\n  File \"C:\\Users\\Allot\\AppData\\Local\\Programs\\Python\\Python312\\Lib\\json\\__init__.py\", line 238, in dumps\n    **kw).encode(obj)\n          ^^^^^^^^^^^\n  File \"C:\\Users\\Allot\\AppData\\Local\\Programs\\Python\\Python312\\Lib\\json\\encoder.py\", line 200, in encode\n    chunks = self.iterencode(o, _one_shot=True)\n             ^^^^^^^^^^^^^^^^^^^^^^^^^^^^^^^^^^\n  File \"C:\\Users\\Allot\\AppData\\Local\\Programs\\Python\\Python312\\Lib\\json\\encoder.py\", line 258, in iterencode\n    return _iterencode(o, 0)\n           ^^^^^^^^^^^^^^^^^\n  File \"C:\\Users\\Allot\\AppData\\Local\\Programs\\Python\\Python312\\Lib\\json\\encoder.py\", line 180, in default\n    raise TypeError(f'Object of type {o.__class__.__name__} '\nTypeError: Object of type datetime is not JSON serializable"}
{"timestamp": "2025-11-07T05:00:01.689704", "level": "ERROR", "logger": "main", "message": "Unhandled exception: Object of type datetime is not JSON serializable", "module": "main", "function": "global_exception_handler", "line": 112, "exception": "Traceback (most recent call last):\n  File \"C:\\Users\\Allot\\AppData\\Local\\Programs\\Python\\Python312\\Lib\\site-packages\\anyio\\streams\\memory.py\", line 98, in receive\n    return self.receive_nowait()\n           ^^^^^^^^^^^^^^^^^^^^^\n  File \"C:\\Users\\Allot\\AppData\\Local\\Programs\\Python\\Python312\\Lib\\site-packages\\anyio\\streams\\memory.py\", line 93, in receive_nowait\n    raise WouldBlock\nanyio.WouldBlock\n\nDuring handling of the above exception, another exception occurred:\n\nTraceback (most recent call last):\n  File \"C:\\Users\\Allot\\AppData\\Local\\Programs\\Python\\Python312\\Lib\\site-packages\\starlette\\middleware\\base.py\", line 157, in call_next\n    message = await recv_stream.receive()\n              ^^^^^^^^^^^^^^^^^^^^^^^^^^^\n  File \"C:\\Users\\Allot\\AppData\\Local\\Programs\\Python\\Python312\\Lib\\site-packages\\anyio\\streams\\memory.py\", line 118, in receive\n    raise EndOfStream\nanyio.EndOfStream\n\nDuring handling of the above exception, another exception occurred:\n\nTraceback (most recent call last):\n  File \"C:\\Users\\Allot\\AppData\\Local\\Programs\\Python\\Python312\\Lib\\site-packages\\starlette\\middleware\\errors.py\", line 165, in __call__\n    await self.app(scope, receive, _send)\n  File \"C:\\Users\\Allot\\AppData\\Local\\Programs\\Python\\Python312\\Lib\\site-packages\\starlette\\middleware\\trustedhost.py\", line 36, in __call__\n    await self.app(scope, receive, send)\n  File \"C:\\Users\\Allot\\AppData\\Local\\Programs\\Python\\Python312\\Lib\\site-packages\\starlette\\middleware\\cors.py\", line 85, in __call__\n    await self.app(scope, receive, send)\n  File \"C:\\Users\\Allot\\AppData\\Local\\Programs\\Python\\Python312\\Lib\\site-packages\\starlette\\middleware\\base.py\", line 187, in __call__\n    response = await self.dispatch_func(request, call_next)\n               ^^^^^^^^^^^^^^^^^^^^^^^^^^^^^^^^^^^^^^^^^^^^\n  File \"C:\\Users\\Allot\\OneDrive\\Desktop\\TCA-IRR-APP-main- simplify\\backend\\app\\middleware\\error_handling.py\", line 168, in dispatch\n    return await call_next(request)\n           ^^^^^^^^^^^^^^^^^^^^^^^^\n  File \"C:\\Users\\Allot\\AppData\\Local\\Programs\\Python\\Python312\\Lib\\site-packages\\starlette\\middleware\\base.py\", line 163, in call_next\n    raise app_exc\n  File \"C:\\Users\\Allot\\AppData\\Local\\Programs\\Python\\Python312\\Lib\\site-packages\\starlette\\middleware\\base.py\", line 149, in coro\n    await self.app(scope, receive_or_disconnect, send_no_error)\n  File \"C:\\Users\\Allot\\AppData\\Local\\Programs\\Python\\Python312\\Lib\\site-packages\\starlette\\middleware\\base.py\", line 187, in __call__\n    response = await self.dispatch_func(request, call_next)\n               ^^^^^^^^^^^^^^^^^^^^^^^^^^^^^^^^^^^^^^^^^^^^\n  File \"C:\\Users\\Allot\\OneDrive\\Desktop\\TCA-IRR-APP-main- simplify\\backend\\app\\middleware\\error_handling.py\", line 68, in dispatch\n    response = await call_next(request)\n               ^^^^^^^^^^^^^^^^^^^^^^^^\n  File \"C:\\Users\\Allot\\AppData\\Local\\Programs\\Python\\Python312\\Lib\\site-packages\\starlette\\middleware\\base.py\", line 163, in call_next\n    raise app_exc\n  File \"C:\\Users\\Allot\\AppData\\Local\\Programs\\Python\\Python312\\Lib\\site-packages\\starlette\\middleware\\base.py\", line 149, in coro\n    await self.app(scope, receive_or_disconnect, send_no_error)\n  File \"C:\\Users\\Allot\\AppData\\Local\\Programs\\Python\\Python312\\Lib\\site-packages\\starlette\\middleware\\base.py\", line 187, in __call__\n    response = await self.dispatch_func(request, call_next)\n               ^^^^^^^^^^^^^^^^^^^^^^^^^^^^^^^^^^^^^^^^^^^^\n  File \"C:\\Users\\Allot\\OneDrive\\Desktop\\TCA-IRR-APP-main- simplify\\backend\\app\\middleware\\error_handling.py\", line 51, in dispatch\n    return JSONResponse(\n           ^^^^^^^^^^^^^\n  File \"C:\\Users\\Allot\\AppData\\Local\\Programs\\Python\\Python312\\Lib\\site-packages\\starlette\\responses.py\", line 180, in __init__\n    super().__init__(content, status_code, headers, media_type, background)\n  File \"C:\\Users\\Allot\\AppData\\Local\\Programs\\Python\\Python312\\Lib\\site-packages\\starlette\\responses.py\", line 43, in __init__\n    self.body = self.render(content)\n                ^^^^^^^^^^^^^^^^^^^^\n  File \"C:\\Users\\Allot\\AppData\\Local\\Programs\\Python\\Python312\\Lib\\site-packages\\starlette\\responses.py\", line 183, in render\n    return json.dumps(\n           ^^^^^^^^^^^\n  File \"C:\\Users\\Allot\\AppData\\Local\\Programs\\Python\\Python312\\Lib\\json\\__init__.py\", line 238, in dumps\n    **kw).encode(obj)\n          ^^^^^^^^^^^\n  File \"C:\\Users\\Allot\\AppData\\Local\\Programs\\Python\\Python312\\Lib\\json\\encoder.py\", line 200, in encode\n    chunks = self.iterencode(o, _one_shot=True)\n             ^^^^^^^^^^^^^^^^^^^^^^^^^^^^^^^^^^\n  File \"C:\\Users\\Allot\\AppData\\Local\\Programs\\Python\\Python312\\Lib\\json\\encoder.py\", line 258, in iterencode\n    return _iterencode(o, 0)\n           ^^^^^^^^^^^^^^^^^\n  File \"C:\\Users\\Allot\\AppData\\Local\\Programs\\Python\\Python312\\Lib\\json\\encoder.py\", line 180, in default\n    raise TypeError(f'Object of type {o.__class__.__name__} '\nTypeError: Object of type datetime is not JSON serializable"}
{"timestamp": "2025-11-07T05:00:01.713815", "level": "ERROR", "logger": "main", "message": "Unhandled exception: Object of type datetime is not JSON serializable", "module": "main", "function": "global_exception_handler", "line": 112, "exception": "Traceback (most recent call last):\n  File \"C:\\Users\\Allot\\AppData\\Local\\Programs\\Python\\Python312\\Lib\\site-packages\\anyio\\streams\\memory.py\", line 98, in receive\n    return self.receive_nowait()\n           ^^^^^^^^^^^^^^^^^^^^^\n  File \"C:\\Users\\Allot\\AppData\\Local\\Programs\\Python\\Python312\\Lib\\site-packages\\anyio\\streams\\memory.py\", line 93, in receive_nowait\n    raise WouldBlock\nanyio.WouldBlock\n\nDuring handling of the above exception, another exception occurred:\n\nTraceback (most recent call last):\n  File \"C:\\Users\\Allot\\AppData\\Local\\Programs\\Python\\Python312\\Lib\\site-packages\\starlette\\middleware\\base.py\", line 157, in call_next\n    message = await recv_stream.receive()\n              ^^^^^^^^^^^^^^^^^^^^^^^^^^^\n  File \"C:\\Users\\Allot\\AppData\\Local\\Programs\\Python\\Python312\\Lib\\site-packages\\anyio\\streams\\memory.py\", line 118, in receive\n    raise EndOfStream\nanyio.EndOfStream\n\nDuring handling of the above exception, another exception occurred:\n\nTraceback (most recent call last):\n  File \"C:\\Users\\Allot\\AppData\\Local\\Programs\\Python\\Python312\\Lib\\site-packages\\starlette\\middleware\\errors.py\", line 165, in __call__\n    await self.app(scope, receive, _send)\n  File \"C:\\Users\\Allot\\AppData\\Local\\Programs\\Python\\Python312\\Lib\\site-packages\\starlette\\middleware\\trustedhost.py\", line 36, in __call__\n    await self.app(scope, receive, send)\n  File \"C:\\Users\\Allot\\AppData\\Local\\Programs\\Python\\Python312\\Lib\\site-packages\\starlette\\middleware\\cors.py\", line 85, in __call__\n    await self.app(scope, receive, send)\n  File \"C:\\Users\\Allot\\AppData\\Local\\Programs\\Python\\Python312\\Lib\\site-packages\\starlette\\middleware\\base.py\", line 187, in __call__\n    response = await self.dispatch_func(request, call_next)\n               ^^^^^^^^^^^^^^^^^^^^^^^^^^^^^^^^^^^^^^^^^^^^\n  File \"C:\\Users\\Allot\\OneDrive\\Desktop\\TCA-IRR-APP-main- simplify\\backend\\app\\middleware\\error_handling.py\", line 168, in dispatch\n    return await call_next(request)\n           ^^^^^^^^^^^^^^^^^^^^^^^^\n  File \"C:\\Users\\Allot\\AppData\\Local\\Programs\\Python\\Python312\\Lib\\site-packages\\starlette\\middleware\\base.py\", line 163, in call_next\n    raise app_exc\n  File \"C:\\Users\\Allot\\AppData\\Local\\Programs\\Python\\Python312\\Lib\\site-packages\\starlette\\middleware\\base.py\", line 149, in coro\n    await self.app(scope, receive_or_disconnect, send_no_error)\n  File \"C:\\Users\\Allot\\AppData\\Local\\Programs\\Python\\Python312\\Lib\\site-packages\\starlette\\middleware\\base.py\", line 187, in __call__\n    response = await self.dispatch_func(request, call_next)\n               ^^^^^^^^^^^^^^^^^^^^^^^^^^^^^^^^^^^^^^^^^^^^\n  File \"C:\\Users\\Allot\\OneDrive\\Desktop\\TCA-IRR-APP-main- simplify\\backend\\app\\middleware\\error_handling.py\", line 68, in dispatch\n    response = await call_next(request)\n               ^^^^^^^^^^^^^^^^^^^^^^^^\n  File \"C:\\Users\\Allot\\AppData\\Local\\Programs\\Python\\Python312\\Lib\\site-packages\\starlette\\middleware\\base.py\", line 163, in call_next\n    raise app_exc\n  File \"C:\\Users\\Allot\\AppData\\Local\\Programs\\Python\\Python312\\Lib\\site-packages\\starlette\\middleware\\base.py\", line 149, in coro\n    await self.app(scope, receive_or_disconnect, send_no_error)\n  File \"C:\\Users\\Allot\\AppData\\Local\\Programs\\Python\\Python312\\Lib\\site-packages\\starlette\\middleware\\base.py\", line 187, in __call__\n    response = await self.dispatch_func(request, call_next)\n               ^^^^^^^^^^^^^^^^^^^^^^^^^^^^^^^^^^^^^^^^^^^^\n  File \"C:\\Users\\Allot\\OneDrive\\Desktop\\TCA-IRR-APP-main- simplify\\backend\\app\\middleware\\error_handling.py\", line 51, in dispatch\n    return JSONResponse(\n           ^^^^^^^^^^^^^\n  File \"C:\\Users\\Allot\\AppData\\Local\\Programs\\Python\\Python312\\Lib\\site-packages\\starlette\\responses.py\", line 180, in __init__\n    super().__init__(content, status_code, headers, media_type, background)\n  File \"C:\\Users\\Allot\\AppData\\Local\\Programs\\Python\\Python312\\Lib\\site-packages\\starlette\\responses.py\", line 43, in __init__\n    self.body = self.render(content)\n                ^^^^^^^^^^^^^^^^^^^^\n  File \"C:\\Users\\Allot\\AppData\\Local\\Programs\\Python\\Python312\\Lib\\site-packages\\starlette\\responses.py\", line 183, in render\n    return json.dumps(\n           ^^^^^^^^^^^\n  File \"C:\\Users\\Allot\\AppData\\Local\\Programs\\Python\\Python312\\Lib\\json\\__init__.py\", line 238, in dumps\n    **kw).encode(obj)\n          ^^^^^^^^^^^\n  File \"C:\\Users\\Allot\\AppData\\Local\\Programs\\Python\\Python312\\Lib\\json\\encoder.py\", line 200, in encode\n    chunks = self.iterencode(o, _one_shot=True)\n             ^^^^^^^^^^^^^^^^^^^^^^^^^^^^^^^^^^\n  File \"C:\\Users\\Allot\\AppData\\Local\\Programs\\Python\\Python312\\Lib\\json\\encoder.py\", line 258, in iterencode\n    return _iterencode(o, 0)\n           ^^^^^^^^^^^^^^^^^\n  File \"C:\\Users\\Allot\\AppData\\Local\\Programs\\Python\\Python312\\Lib\\json\\encoder.py\", line 180, in default\n    raise TypeError(f'Object of type {o.__class__.__name__} '\nTypeError: Object of type datetime is not JSON serializable"}
{"timestamp": "2025-11-07T05:00:01.748373", "level": "ERROR", "logger": "main", "message": "Unhandled exception: Object of type datetime is not JSON serializable", "module": "main", "function": "global_exception_handler", "line": 112, "exception": "Traceback (most recent call last):\n  File \"C:\\Users\\Allot\\AppData\\Local\\Programs\\Python\\Python312\\Lib\\site-packages\\anyio\\streams\\memory.py\", line 98, in receive\n    return self.receive_nowait()\n           ^^^^^^^^^^^^^^^^^^^^^\n  File \"C:\\Users\\Allot\\AppData\\Local\\Programs\\Python\\Python312\\Lib\\site-packages\\anyio\\streams\\memory.py\", line 93, in receive_nowait\n    raise WouldBlock\nanyio.WouldBlock\n\nDuring handling of the above exception, another exception occurred:\n\nTraceback (most recent call last):\n  File \"C:\\Users\\Allot\\AppData\\Local\\Programs\\Python\\Python312\\Lib\\site-packages\\starlette\\middleware\\base.py\", line 157, in call_next\n    message = await recv_stream.receive()\n              ^^^^^^^^^^^^^^^^^^^^^^^^^^^\n  File \"C:\\Users\\Allot\\AppData\\Local\\Programs\\Python\\Python312\\Lib\\site-packages\\anyio\\streams\\memory.py\", line 118, in receive\n    raise EndOfStream\nanyio.EndOfStream\n\nDuring handling of the above exception, another exception occurred:\n\nTraceback (most recent call last):\n  File \"C:\\Users\\Allot\\AppData\\Local\\Programs\\Python\\Python312\\Lib\\site-packages\\starlette\\middleware\\errors.py\", line 165, in __call__\n    await self.app(scope, receive, _send)\n  File \"C:\\Users\\Allot\\AppData\\Local\\Programs\\Python\\Python312\\Lib\\site-packages\\starlette\\middleware\\trustedhost.py\", line 36, in __call__\n    await self.app(scope, receive, send)\n  File \"C:\\Users\\Allot\\AppData\\Local\\Programs\\Python\\Python312\\Lib\\site-packages\\starlette\\middleware\\cors.py\", line 85, in __call__\n    await self.app(scope, receive, send)\n  File \"C:\\Users\\Allot\\AppData\\Local\\Programs\\Python\\Python312\\Lib\\site-packages\\starlette\\middleware\\base.py\", line 187, in __call__\n    response = await self.dispatch_func(request, call_next)\n               ^^^^^^^^^^^^^^^^^^^^^^^^^^^^^^^^^^^^^^^^^^^^\n  File \"C:\\Users\\Allot\\OneDrive\\Desktop\\TCA-IRR-APP-main- simplify\\backend\\app\\middleware\\error_handling.py\", line 168, in dispatch\n    return await call_next(request)\n           ^^^^^^^^^^^^^^^^^^^^^^^^\n  File \"C:\\Users\\Allot\\AppData\\Local\\Programs\\Python\\Python312\\Lib\\site-packages\\starlette\\middleware\\base.py\", line 163, in call_next\n    raise app_exc\n  File \"C:\\Users\\Allot\\AppData\\Local\\Programs\\Python\\Python312\\Lib\\site-packages\\starlette\\middleware\\base.py\", line 149, in coro\n    await self.app(scope, receive_or_disconnect, send_no_error)\n  File \"C:\\Users\\Allot\\AppData\\Local\\Programs\\Python\\Python312\\Lib\\site-packages\\starlette\\middleware\\base.py\", line 187, in __call__\n    response = await self.dispatch_func(request, call_next)\n               ^^^^^^^^^^^^^^^^^^^^^^^^^^^^^^^^^^^^^^^^^^^^\n  File \"C:\\Users\\Allot\\OneDrive\\Desktop\\TCA-IRR-APP-main- simplify\\backend\\app\\middleware\\error_handling.py\", line 68, in dispatch\n    response = await call_next(request)\n               ^^^^^^^^^^^^^^^^^^^^^^^^\n  File \"C:\\Users\\Allot\\AppData\\Local\\Programs\\Python\\Python312\\Lib\\site-packages\\starlette\\middleware\\base.py\", line 163, in call_next\n    raise app_exc\n  File \"C:\\Users\\Allot\\AppData\\Local\\Programs\\Python\\Python312\\Lib\\site-packages\\starlette\\middleware\\base.py\", line 149, in coro\n    await self.app(scope, receive_or_disconnect, send_no_error)\n  File \"C:\\Users\\Allot\\AppData\\Local\\Programs\\Python\\Python312\\Lib\\site-packages\\starlette\\middleware\\base.py\", line 187, in __call__\n    response = await self.dispatch_func(request, call_next)\n               ^^^^^^^^^^^^^^^^^^^^^^^^^^^^^^^^^^^^^^^^^^^^\n  File \"C:\\Users\\Allot\\OneDrive\\Desktop\\TCA-IRR-APP-main- simplify\\backend\\app\\middleware\\error_handling.py\", line 51, in dispatch\n    return JSONResponse(\n           ^^^^^^^^^^^^^\n  File \"C:\\Users\\Allot\\AppData\\Local\\Programs\\Python\\Python312\\Lib\\site-packages\\starlette\\responses.py\", line 180, in __init__\n    super().__init__(content, status_code, headers, media_type, background)\n  File \"C:\\Users\\Allot\\AppData\\Local\\Programs\\Python\\Python312\\Lib\\site-packages\\starlette\\responses.py\", line 43, in __init__\n    self.body = self.render(content)\n                ^^^^^^^^^^^^^^^^^^^^\n  File \"C:\\Users\\Allot\\AppData\\Local\\Programs\\Python\\Python312\\Lib\\site-packages\\starlette\\responses.py\", line 183, in render\n    return json.dumps(\n           ^^^^^^^^^^^\n  File \"C:\\Users\\Allot\\AppData\\Local\\Programs\\Python\\Python312\\Lib\\json\\__init__.py\", line 238, in dumps\n    **kw).encode(obj)\n          ^^^^^^^^^^^\n  File \"C:\\Users\\Allot\\AppData\\Local\\Programs\\Python\\Python312\\Lib\\json\\encoder.py\", line 200, in encode\n    chunks = self.iterencode(o, _one_shot=True)\n             ^^^^^^^^^^^^^^^^^^^^^^^^^^^^^^^^^^\n  File \"C:\\Users\\Allot\\AppData\\Local\\Programs\\Python\\Python312\\Lib\\json\\encoder.py\", line 258, in iterencode\n    return _iterencode(o, 0)\n           ^^^^^^^^^^^^^^^^^\n  File \"C:\\Users\\Allot\\AppData\\Local\\Programs\\Python\\Python312\\Lib\\json\\encoder.py\", line 180, in default\n    raise TypeError(f'Object of type {o.__class__.__name__} '\nTypeError: Object of type datetime is not JSON serializable"}
{"timestamp": "2025-11-07T05:00:01.790377", "level": "ERROR", "logger": "main", "message": "Unhandled exception: Object of type datetime is not JSON serializable", "module": "main", "function": "global_exception_handler", "line": 112, "exception": "Traceback (most recent call last):\n  File \"C:\\Users\\Allot\\AppData\\Local\\Programs\\Python\\Python312\\Lib\\site-packages\\anyio\\streams\\memory.py\", line 98, in receive\n    return self.receive_nowait()\n           ^^^^^^^^^^^^^^^^^^^^^\n  File \"C:\\Users\\Allot\\AppData\\Local\\Programs\\Python\\Python312\\Lib\\site-packages\\anyio\\streams\\memory.py\", line 93, in receive_nowait\n    raise WouldBlock\nanyio.WouldBlock\n\nDuring handling of the above exception, another exception occurred:\n\nTraceback (most recent call last):\n  File \"C:\\Users\\Allot\\AppData\\Local\\Programs\\Python\\Python312\\Lib\\site-packages\\starlette\\middleware\\base.py\", line 157, in call_next\n    message = await recv_stream.receive()\n              ^^^^^^^^^^^^^^^^^^^^^^^^^^^\n  File \"C:\\Users\\Allot\\AppData\\Local\\Programs\\Python\\Python312\\Lib\\site-packages\\anyio\\streams\\memory.py\", line 118, in receive\n    raise EndOfStream\nanyio.EndOfStream\n\nDuring handling of the above exception, another exception occurred:\n\nTraceback (most recent call last):\n  File \"C:\\Users\\Allot\\AppData\\Local\\Programs\\Python\\Python312\\Lib\\site-packages\\starlette\\middleware\\errors.py\", line 165, in __call__\n    await self.app(scope, receive, _send)\n  File \"C:\\Users\\Allot\\AppData\\Local\\Programs\\Python\\Python312\\Lib\\site-packages\\starlette\\middleware\\trustedhost.py\", line 36, in __call__\n    await self.app(scope, receive, send)\n  File \"C:\\Users\\Allot\\AppData\\Local\\Programs\\Python\\Python312\\Lib\\site-packages\\starlette\\middleware\\cors.py\", line 85, in __call__\n    await self.app(scope, receive, send)\n  File \"C:\\Users\\Allot\\AppData\\Local\\Programs\\Python\\Python312\\Lib\\site-packages\\starlette\\middleware\\base.py\", line 187, in __call__\n    response = await self.dispatch_func(request, call_next)\n               ^^^^^^^^^^^^^^^^^^^^^^^^^^^^^^^^^^^^^^^^^^^^\n  File \"C:\\Users\\Allot\\OneDrive\\Desktop\\TCA-IRR-APP-main- simplify\\backend\\app\\middleware\\error_handling.py\", line 168, in dispatch\n    return await call_next(request)\n           ^^^^^^^^^^^^^^^^^^^^^^^^\n  File \"C:\\Users\\Allot\\AppData\\Local\\Programs\\Python\\Python312\\Lib\\site-packages\\starlette\\middleware\\base.py\", line 163, in call_next\n    raise app_exc\n  File \"C:\\Users\\Allot\\AppData\\Local\\Programs\\Python\\Python312\\Lib\\site-packages\\starlette\\middleware\\base.py\", line 149, in coro\n    await self.app(scope, receive_or_disconnect, send_no_error)\n  File \"C:\\Users\\Allot\\AppData\\Local\\Programs\\Python\\Python312\\Lib\\site-packages\\starlette\\middleware\\base.py\", line 187, in __call__\n    response = await self.dispatch_func(request, call_next)\n               ^^^^^^^^^^^^^^^^^^^^^^^^^^^^^^^^^^^^^^^^^^^^\n  File \"C:\\Users\\Allot\\OneDrive\\Desktop\\TCA-IRR-APP-main- simplify\\backend\\app\\middleware\\error_handling.py\", line 68, in dispatch\n    response = await call_next(request)\n               ^^^^^^^^^^^^^^^^^^^^^^^^\n  File \"C:\\Users\\Allot\\AppData\\Local\\Programs\\Python\\Python312\\Lib\\site-packages\\starlette\\middleware\\base.py\", line 163, in call_next\n    raise app_exc\n  File \"C:\\Users\\Allot\\AppData\\Local\\Programs\\Python\\Python312\\Lib\\site-packages\\starlette\\middleware\\base.py\", line 149, in coro\n    await self.app(scope, receive_or_disconnect, send_no_error)\n  File \"C:\\Users\\Allot\\AppData\\Local\\Programs\\Python\\Python312\\Lib\\site-packages\\starlette\\middleware\\base.py\", line 187, in __call__\n    response = await self.dispatch_func(request, call_next)\n               ^^^^^^^^^^^^^^^^^^^^^^^^^^^^^^^^^^^^^^^^^^^^\n  File \"C:\\Users\\Allot\\OneDrive\\Desktop\\TCA-IRR-APP-main- simplify\\backend\\app\\middleware\\error_handling.py\", line 51, in dispatch\n    return JSONResponse(\n           ^^^^^^^^^^^^^\n  File \"C:\\Users\\Allot\\AppData\\Local\\Programs\\Python\\Python312\\Lib\\site-packages\\starlette\\responses.py\", line 180, in __init__\n    super().__init__(content, status_code, headers, media_type, background)\n  File \"C:\\Users\\Allot\\AppData\\Local\\Programs\\Python\\Python312\\Lib\\site-packages\\starlette\\responses.py\", line 43, in __init__\n    self.body = self.render(content)\n                ^^^^^^^^^^^^^^^^^^^^\n  File \"C:\\Users\\Allot\\AppData\\Local\\Programs\\Python\\Python312\\Lib\\site-packages\\starlette\\responses.py\", line 183, in render\n    return json.dumps(\n           ^^^^^^^^^^^\n  File \"C:\\Users\\Allot\\AppData\\Local\\Programs\\Python\\Python312\\Lib\\json\\__init__.py\", line 238, in dumps\n    **kw).encode(obj)\n          ^^^^^^^^^^^\n  File \"C:\\Users\\Allot\\AppData\\Local\\Programs\\Python\\Python312\\Lib\\json\\encoder.py\", line 200, in encode\n    chunks = self.iterencode(o, _one_shot=True)\n             ^^^^^^^^^^^^^^^^^^^^^^^^^^^^^^^^^^\n  File \"C:\\Users\\Allot\\AppData\\Local\\Programs\\Python\\Python312\\Lib\\json\\encoder.py\", line 258, in iterencode\n    return _iterencode(o, 0)\n           ^^^^^^^^^^^^^^^^^\n  File \"C:\\Users\\Allot\\AppData\\Local\\Programs\\Python\\Python312\\Lib\\json\\encoder.py\", line 180, in default\n    raise TypeError(f'Object of type {o.__class__.__name__} '\nTypeError: Object of type datetime is not JSON serializable"}
{"timestamp": "2025-11-07T05:00:01.850743", "level": "ERROR", "logger": "main", "message": "Unhandled exception: Object of type datetime is not JSON serializable", "module": "main", "function": "global_exception_handler", "line": 112, "exception": "Traceback (most recent call last):\n  File \"C:\\Users\\Allot\\AppData\\Local\\Programs\\Python\\Python312\\Lib\\site-packages\\anyio\\streams\\memory.py\", line 98, in receive\n    return self.receive_nowait()\n           ^^^^^^^^^^^^^^^^^^^^^\n  File \"C:\\Users\\Allot\\AppData\\Local\\Programs\\Python\\Python312\\Lib\\site-packages\\anyio\\streams\\memory.py\", line 93, in receive_nowait\n    raise WouldBlock\nanyio.WouldBlock\n\nDuring handling of the above exception, another exception occurred:\n\nTraceback (most recent call last):\n  File \"C:\\Users\\Allot\\AppData\\Local\\Programs\\Python\\Python312\\Lib\\site-packages\\starlette\\middleware\\base.py\", line 157, in call_next\n    message = await recv_stream.receive()\n              ^^^^^^^^^^^^^^^^^^^^^^^^^^^\n  File \"C:\\Users\\Allot\\AppData\\Local\\Programs\\Python\\Python312\\Lib\\site-packages\\anyio\\streams\\memory.py\", line 118, in receive\n    raise EndOfStream\nanyio.EndOfStream\n\nDuring handling of the above exception, another exception occurred:\n\nTraceback (most recent call last):\n  File \"C:\\Users\\Allot\\AppData\\Local\\Programs\\Python\\Python312\\Lib\\site-packages\\starlette\\middleware\\errors.py\", line 165, in __call__\n    await self.app(scope, receive, _send)\n  File \"C:\\Users\\Allot\\AppData\\Local\\Programs\\Python\\Python312\\Lib\\site-packages\\starlette\\middleware\\trustedhost.py\", line 36, in __call__\n    await self.app(scope, receive, send)\n  File \"C:\\Users\\Allot\\AppData\\Local\\Programs\\Python\\Python312\\Lib\\site-packages\\starlette\\middleware\\cors.py\", line 85, in __call__\n    await self.app(scope, receive, send)\n  File \"C:\\Users\\Allot\\AppData\\Local\\Programs\\Python\\Python312\\Lib\\site-packages\\starlette\\middleware\\base.py\", line 187, in __call__\n    response = await self.dispatch_func(request, call_next)\n               ^^^^^^^^^^^^^^^^^^^^^^^^^^^^^^^^^^^^^^^^^^^^\n  File \"C:\\Users\\Allot\\OneDrive\\Desktop\\TCA-IRR-APP-main- simplify\\backend\\app\\middleware\\error_handling.py\", line 168, in dispatch\n    return await call_next(request)\n           ^^^^^^^^^^^^^^^^^^^^^^^^\n  File \"C:\\Users\\Allot\\AppData\\Local\\Programs\\Python\\Python312\\Lib\\site-packages\\starlette\\middleware\\base.py\", line 163, in call_next\n    raise app_exc\n  File \"C:\\Users\\Allot\\AppData\\Local\\Programs\\Python\\Python312\\Lib\\site-packages\\starlette\\middleware\\base.py\", line 149, in coro\n    await self.app(scope, receive_or_disconnect, send_no_error)\n  File \"C:\\Users\\Allot\\AppData\\Local\\Programs\\Python\\Python312\\Lib\\site-packages\\starlette\\middleware\\base.py\", line 187, in __call__\n    response = await self.dispatch_func(request, call_next)\n               ^^^^^^^^^^^^^^^^^^^^^^^^^^^^^^^^^^^^^^^^^^^^\n  File \"C:\\Users\\Allot\\OneDrive\\Desktop\\TCA-IRR-APP-main- simplify\\backend\\app\\middleware\\error_handling.py\", line 68, in dispatch\n    response = await call_next(request)\n               ^^^^^^^^^^^^^^^^^^^^^^^^\n  File \"C:\\Users\\Allot\\AppData\\Local\\Programs\\Python\\Python312\\Lib\\site-packages\\starlette\\middleware\\base.py\", line 163, in call_next\n    raise app_exc\n  File \"C:\\Users\\Allot\\AppData\\Local\\Programs\\Python\\Python312\\Lib\\site-packages\\starlette\\middleware\\base.py\", line 149, in coro\n    await self.app(scope, receive_or_disconnect, send_no_error)\n  File \"C:\\Users\\Allot\\AppData\\Local\\Programs\\Python\\Python312\\Lib\\site-packages\\starlette\\middleware\\base.py\", line 187, in __call__\n    response = await self.dispatch_func(request, call_next)\n               ^^^^^^^^^^^^^^^^^^^^^^^^^^^^^^^^^^^^^^^^^^^^\n  File \"C:\\Users\\Allot\\OneDrive\\Desktop\\TCA-IRR-APP-main- simplify\\backend\\app\\middleware\\error_handling.py\", line 51, in dispatch\n    return JSONResponse(\n           ^^^^^^^^^^^^^\n  File \"C:\\Users\\Allot\\AppData\\Local\\Programs\\Python\\Python312\\Lib\\site-packages\\starlette\\responses.py\", line 180, in __init__\n    super().__init__(content, status_code, headers, media_type, background)\n  File \"C:\\Users\\Allot\\AppData\\Local\\Programs\\Python\\Python312\\Lib\\site-packages\\starlette\\responses.py\", line 43, in __init__\n    self.body = self.render(content)\n                ^^^^^^^^^^^^^^^^^^^^\n  File \"C:\\Users\\Allot\\AppData\\Local\\Programs\\Python\\Python312\\Lib\\site-packages\\starlette\\responses.py\", line 183, in render\n    return json.dumps(\n           ^^^^^^^^^^^\n  File \"C:\\Users\\Allot\\AppData\\Local\\Programs\\Python\\Python312\\Lib\\json\\__init__.py\", line 238, in dumps\n    **kw).encode(obj)\n          ^^^^^^^^^^^\n  File \"C:\\Users\\Allot\\AppData\\Local\\Programs\\Python\\Python312\\Lib\\json\\encoder.py\", line 200, in encode\n    chunks = self.iterencode(o, _one_shot=True)\n             ^^^^^^^^^^^^^^^^^^^^^^^^^^^^^^^^^^\n  File \"C:\\Users\\Allot\\AppData\\Local\\Programs\\Python\\Python312\\Lib\\json\\encoder.py\", line 258, in iterencode\n    return _iterencode(o, 0)\n           ^^^^^^^^^^^^^^^^^\n  File \"C:\\Users\\Allot\\AppData\\Local\\Programs\\Python\\Python312\\Lib\\json\\encoder.py\", line 180, in default\n    raise TypeError(f'Object of type {o.__class__.__name__} '\nTypeError: Object of type datetime is not JSON serializable"}
{"timestamp": "2025-11-07T05:00:01.876416", "level": "ERROR", "logger": "main", "message": "Unhandled exception: Object of type datetime is not JSON serializable", "module": "main", "function": "global_exception_handler", "line": 112, "exception": "Traceback (most recent call last):\n  File \"C:\\Users\\Allot\\AppData\\Local\\Programs\\Python\\Python312\\Lib\\site-packages\\anyio\\streams\\memory.py\", line 98, in receive\n    return self.receive_nowait()\n           ^^^^^^^^^^^^^^^^^^^^^\n  File \"C:\\Users\\Allot\\AppData\\Local\\Programs\\Python\\Python312\\Lib\\site-packages\\anyio\\streams\\memory.py\", line 93, in receive_nowait\n    raise WouldBlock\nanyio.WouldBlock\n\nDuring handling of the above exception, another exception occurred:\n\nTraceback (most recent call last):\n  File \"C:\\Users\\Allot\\AppData\\Local\\Programs\\Python\\Python312\\Lib\\site-packages\\starlette\\middleware\\base.py\", line 157, in call_next\n    message = await recv_stream.receive()\n              ^^^^^^^^^^^^^^^^^^^^^^^^^^^\n  File \"C:\\Users\\Allot\\AppData\\Local\\Programs\\Python\\Python312\\Lib\\site-packages\\anyio\\streams\\memory.py\", line 118, in receive\n    raise EndOfStream\nanyio.EndOfStream\n\nDuring handling of the above exception, another exception occurred:\n\nTraceback (most recent call last):\n  File \"C:\\Users\\Allot\\AppData\\Local\\Programs\\Python\\Python312\\Lib\\site-packages\\starlette\\middleware\\errors.py\", line 165, in __call__\n    await self.app(scope, receive, _send)\n  File \"C:\\Users\\Allot\\AppData\\Local\\Programs\\Python\\Python312\\Lib\\site-packages\\starlette\\middleware\\trustedhost.py\", line 36, in __call__\n    await self.app(scope, receive, send)\n  File \"C:\\Users\\Allot\\AppData\\Local\\Programs\\Python\\Python312\\Lib\\site-packages\\starlette\\middleware\\cors.py\", line 85, in __call__\n    await self.app(scope, receive, send)\n  File \"C:\\Users\\Allot\\AppData\\Local\\Programs\\Python\\Python312\\Lib\\site-packages\\starlette\\middleware\\base.py\", line 187, in __call__\n    response = await self.dispatch_func(request, call_next)\n               ^^^^^^^^^^^^^^^^^^^^^^^^^^^^^^^^^^^^^^^^^^^^\n  File \"C:\\Users\\Allot\\OneDrive\\Desktop\\TCA-IRR-APP-main- simplify\\backend\\app\\middleware\\error_handling.py\", line 168, in dispatch\n    return await call_next(request)\n           ^^^^^^^^^^^^^^^^^^^^^^^^\n  File \"C:\\Users\\Allot\\AppData\\Local\\Programs\\Python\\Python312\\Lib\\site-packages\\starlette\\middleware\\base.py\", line 163, in call_next\n    raise app_exc\n  File \"C:\\Users\\Allot\\AppData\\Local\\Programs\\Python\\Python312\\Lib\\site-packages\\starlette\\middleware\\base.py\", line 149, in coro\n    await self.app(scope, receive_or_disconnect, send_no_error)\n  File \"C:\\Users\\Allot\\AppData\\Local\\Programs\\Python\\Python312\\Lib\\site-packages\\starlette\\middleware\\base.py\", line 187, in __call__\n    response = await self.dispatch_func(request, call_next)\n               ^^^^^^^^^^^^^^^^^^^^^^^^^^^^^^^^^^^^^^^^^^^^\n  File \"C:\\Users\\Allot\\OneDrive\\Desktop\\TCA-IRR-APP-main- simplify\\backend\\app\\middleware\\error_handling.py\", line 68, in dispatch\n    response = await call_next(request)\n               ^^^^^^^^^^^^^^^^^^^^^^^^\n  File \"C:\\Users\\Allot\\AppData\\Local\\Programs\\Python\\Python312\\Lib\\site-packages\\starlette\\middleware\\base.py\", line 163, in call_next\n    raise app_exc\n  File \"C:\\Users\\Allot\\AppData\\Local\\Programs\\Python\\Python312\\Lib\\site-packages\\starlette\\middleware\\base.py\", line 149, in coro\n    await self.app(scope, receive_or_disconnect, send_no_error)\n  File \"C:\\Users\\Allot\\AppData\\Local\\Programs\\Python\\Python312\\Lib\\site-packages\\starlette\\middleware\\base.py\", line 187, in __call__\n    response = await self.dispatch_func(request, call_next)\n               ^^^^^^^^^^^^^^^^^^^^^^^^^^^^^^^^^^^^^^^^^^^^\n  File \"C:\\Users\\Allot\\OneDrive\\Desktop\\TCA-IRR-APP-main- simplify\\backend\\app\\middleware\\error_handling.py\", line 51, in dispatch\n    return JSONResponse(\n           ^^^^^^^^^^^^^\n  File \"C:\\Users\\Allot\\AppData\\Local\\Programs\\Python\\Python312\\Lib\\site-packages\\starlette\\responses.py\", line 180, in __init__\n    super().__init__(content, status_code, headers, media_type, background)\n  File \"C:\\Users\\Allot\\AppData\\Local\\Programs\\Python\\Python312\\Lib\\site-packages\\starlette\\responses.py\", line 43, in __init__\n    self.body = self.render(content)\n                ^^^^^^^^^^^^^^^^^^^^\n  File \"C:\\Users\\Allot\\AppData\\Local\\Programs\\Python\\Python312\\Lib\\site-packages\\starlette\\responses.py\", line 183, in render\n    return json.dumps(\n           ^^^^^^^^^^^\n  File \"C:\\Users\\Allot\\AppData\\Local\\Programs\\Python\\Python312\\Lib\\json\\__init__.py\", line 238, in dumps\n    **kw).encode(obj)\n          ^^^^^^^^^^^\n  File \"C:\\Users\\Allot\\AppData\\Local\\Programs\\Python\\Python312\\Lib\\json\\encoder.py\", line 200, in encode\n    chunks = self.iterencode(o, _one_shot=True)\n             ^^^^^^^^^^^^^^^^^^^^^^^^^^^^^^^^^^\n  File \"C:\\Users\\Allot\\AppData\\Local\\Programs\\Python\\Python312\\Lib\\json\\encoder.py\", line 258, in iterencode\n    return _iterencode(o, 0)\n           ^^^^^^^^^^^^^^^^^\n  File \"C:\\Users\\Allot\\AppData\\Local\\Programs\\Python\\Python312\\Lib\\json\\encoder.py\", line 180, in default\n    raise TypeError(f'Object of type {o.__class__.__name__} '\nTypeError: Object of type datetime is not JSON serializable"}
{"timestamp": "2025-11-07T05:12:57.326003", "level": "ERROR", "logger": "main", "message": "Unhandled exception: Object of type datetime is not JSON serializable", "module": "main", "function": "global_exception_handler", "line": 112, "exception": "Traceback (most recent call last):\n  File \"C:\\Users\\Allot\\AppData\\Local\\Programs\\Python\\Python312\\Lib\\site-packages\\anyio\\streams\\memory.py\", line 98, in receive\n    return self.receive_nowait()\n           ^^^^^^^^^^^^^^^^^^^^^\n  File \"C:\\Users\\Allot\\AppData\\Local\\Programs\\Python\\Python312\\Lib\\site-packages\\anyio\\streams\\memory.py\", line 93, in receive_nowait\n    raise WouldBlock\nanyio.WouldBlock\n\nDuring handling of the above exception, another exception occurred:\n\nTraceback (most recent call last):\n  File \"C:\\Users\\Allot\\AppData\\Local\\Programs\\Python\\Python312\\Lib\\site-packages\\starlette\\middleware\\base.py\", line 157, in call_next\n    message = await recv_stream.receive()\n              ^^^^^^^^^^^^^^^^^^^^^^^^^^^\n  File \"C:\\Users\\Allot\\AppData\\Local\\Programs\\Python\\Python312\\Lib\\site-packages\\anyio\\streams\\memory.py\", line 118, in receive\n    raise EndOfStream\nanyio.EndOfStream\n\nDuring handling of the above exception, another exception occurred:\n\nTraceback (most recent call last):\n  File \"C:\\Users\\Allot\\AppData\\Local\\Programs\\Python\\Python312\\Lib\\site-packages\\starlette\\middleware\\errors.py\", line 165, in __call__\n    await self.app(scope, receive, _send)\n  File \"C:\\Users\\Allot\\AppData\\Local\\Programs\\Python\\Python312\\Lib\\site-packages\\starlette\\middleware\\trustedhost.py\", line 36, in __call__\n    await self.app(scope, receive, send)\n  File \"C:\\Users\\Allot\\AppData\\Local\\Programs\\Python\\Python312\\Lib\\site-packages\\starlette\\middleware\\cors.py\", line 85, in __call__\n    await self.app(scope, receive, send)\n  File \"C:\\Users\\Allot\\AppData\\Local\\Programs\\Python\\Python312\\Lib\\site-packages\\starlette\\middleware\\base.py\", line 187, in __call__\n    response = await self.dispatch_func(request, call_next)\n               ^^^^^^^^^^^^^^^^^^^^^^^^^^^^^^^^^^^^^^^^^^^^\n  File \"C:\\Users\\Allot\\OneDrive\\Desktop\\TCA-IRR-APP-main- simplify\\backend\\app\\middleware\\error_handling.py\", line 168, in dispatch\n    return await call_next(request)\n           ^^^^^^^^^^^^^^^^^^^^^^^^\n  File \"C:\\Users\\Allot\\AppData\\Local\\Programs\\Python\\Python312\\Lib\\site-packages\\starlette\\middleware\\base.py\", line 163, in call_next\n    raise app_exc\n  File \"C:\\Users\\Allot\\AppData\\Local\\Programs\\Python\\Python312\\Lib\\site-packages\\starlette\\middleware\\base.py\", line 149, in coro\n    await self.app(scope, receive_or_disconnect, send_no_error)\n  File \"C:\\Users\\Allot\\AppData\\Local\\Programs\\Python\\Python312\\Lib\\site-packages\\starlette\\middleware\\base.py\", line 187, in __call__\n    response = await self.dispatch_func(request, call_next)\n               ^^^^^^^^^^^^^^^^^^^^^^^^^^^^^^^^^^^^^^^^^^^^\n  File \"C:\\Users\\Allot\\OneDrive\\Desktop\\TCA-IRR-APP-main- simplify\\backend\\app\\middleware\\error_handling.py\", line 68, in dispatch\n    response = await call_next(request)\n               ^^^^^^^^^^^^^^^^^^^^^^^^\n  File \"C:\\Users\\Allot\\AppData\\Local\\Programs\\Python\\Python312\\Lib\\site-packages\\starlette\\middleware\\base.py\", line 163, in call_next\n    raise app_exc\n  File \"C:\\Users\\Allot\\AppData\\Local\\Programs\\Python\\Python312\\Lib\\site-packages\\starlette\\middleware\\base.py\", line 149, in coro\n    await self.app(scope, receive_or_disconnect, send_no_error)\n  File \"C:\\Users\\Allot\\AppData\\Local\\Programs\\Python\\Python312\\Lib\\site-packages\\starlette\\middleware\\base.py\", line 187, in __call__\n    response = await self.dispatch_func(request, call_next)\n               ^^^^^^^^^^^^^^^^^^^^^^^^^^^^^^^^^^^^^^^^^^^^\n  File \"C:\\Users\\Allot\\OneDrive\\Desktop\\TCA-IRR-APP-main- simplify\\backend\\app\\middleware\\error_handling.py\", line 51, in dispatch\n    return JSONResponse(\n           ^^^^^^^^^^^^^\n  File \"C:\\Users\\Allot\\AppData\\Local\\Programs\\Python\\Python312\\Lib\\site-packages\\starlette\\responses.py\", line 180, in __init__\n    super().__init__(content, status_code, headers, media_type, background)\n  File \"C:\\Users\\Allot\\AppData\\Local\\Programs\\Python\\Python312\\Lib\\site-packages\\starlette\\responses.py\", line 43, in __init__\n    self.body = self.render(content)\n                ^^^^^^^^^^^^^^^^^^^^\n  File \"C:\\Users\\Allot\\AppData\\Local\\Programs\\Python\\Python312\\Lib\\site-packages\\starlette\\responses.py\", line 183, in render\n    return json.dumps(\n           ^^^^^^^^^^^\n  File \"C:\\Users\\Allot\\AppData\\Local\\Programs\\Python\\Python312\\Lib\\json\\__init__.py\", line 238, in dumps\n    **kw).encode(obj)\n          ^^^^^^^^^^^\n  File \"C:\\Users\\Allot\\AppData\\Local\\Programs\\Python\\Python312\\Lib\\json\\encoder.py\", line 200, in encode\n    chunks = self.iterencode(o, _one_shot=True)\n             ^^^^^^^^^^^^^^^^^^^^^^^^^^^^^^^^^^\n  File \"C:\\Users\\Allot\\AppData\\Local\\Programs\\Python\\Python312\\Lib\\json\\encoder.py\", line 258, in iterencode\n    return _iterencode(o, 0)\n           ^^^^^^^^^^^^^^^^^\n  File \"C:\\Users\\Allot\\AppData\\Local\\Programs\\Python\\Python312\\Lib\\json\\encoder.py\", line 180, in default\n    raise TypeError(f'Object of type {o.__class__.__name__} '\nTypeError: Object of type datetime is not JSON serializable"}
{"timestamp": "2025-11-07T05:12:57.410980", "level": "ERROR", "logger": "main", "message": "Unhandled exception: Object of type datetime is not JSON serializable", "module": "main", "function": "global_exception_handler", "line": 112, "exception": "Traceback (most recent call last):\n  File \"C:\\Users\\Allot\\AppData\\Local\\Programs\\Python\\Python312\\Lib\\site-packages\\anyio\\streams\\memory.py\", line 98, in receive\n    return self.receive_nowait()\n           ^^^^^^^^^^^^^^^^^^^^^\n  File \"C:\\Users\\Allot\\AppData\\Local\\Programs\\Python\\Python312\\Lib\\site-packages\\anyio\\streams\\memory.py\", line 93, in receive_nowait\n    raise WouldBlock\nanyio.WouldBlock\n\nDuring handling of the above exception, another exception occurred:\n\nTraceback (most recent call last):\n  File \"C:\\Users\\Allot\\AppData\\Local\\Programs\\Python\\Python312\\Lib\\site-packages\\starlette\\middleware\\base.py\", line 157, in call_next\n    message = await recv_stream.receive()\n              ^^^^^^^^^^^^^^^^^^^^^^^^^^^\n  File \"C:\\Users\\Allot\\AppData\\Local\\Programs\\Python\\Python312\\Lib\\site-packages\\anyio\\streams\\memory.py\", line 118, in receive\n    raise EndOfStream\nanyio.EndOfStream\n\nDuring handling of the above exception, another exception occurred:\n\nTraceback (most recent call last):\n  File \"C:\\Users\\Allot\\AppData\\Local\\Programs\\Python\\Python312\\Lib\\site-packages\\starlette\\middleware\\errors.py\", line 165, in __call__\n    await self.app(scope, receive, _send)\n  File \"C:\\Users\\Allot\\AppData\\Local\\Programs\\Python\\Python312\\Lib\\site-packages\\starlette\\middleware\\trustedhost.py\", line 36, in __call__\n    await self.app(scope, receive, send)\n  File \"C:\\Users\\Allot\\AppData\\Local\\Programs\\Python\\Python312\\Lib\\site-packages\\starlette\\middleware\\cors.py\", line 85, in __call__\n    await self.app(scope, receive, send)\n  File \"C:\\Users\\Allot\\AppData\\Local\\Programs\\Python\\Python312\\Lib\\site-packages\\starlette\\middleware\\base.py\", line 187, in __call__\n    response = await self.dispatch_func(request, call_next)\n               ^^^^^^^^^^^^^^^^^^^^^^^^^^^^^^^^^^^^^^^^^^^^\n  File \"C:\\Users\\Allot\\OneDrive\\Desktop\\TCA-IRR-APP-main- simplify\\backend\\app\\middleware\\error_handling.py\", line 168, in dispatch\n    return await call_next(request)\n           ^^^^^^^^^^^^^^^^^^^^^^^^\n  File \"C:\\Users\\Allot\\AppData\\Local\\Programs\\Python\\Python312\\Lib\\site-packages\\starlette\\middleware\\base.py\", line 163, in call_next\n    raise app_exc\n  File \"C:\\Users\\Allot\\AppData\\Local\\Programs\\Python\\Python312\\Lib\\site-packages\\starlette\\middleware\\base.py\", line 149, in coro\n    await self.app(scope, receive_or_disconnect, send_no_error)\n  File \"C:\\Users\\Allot\\AppData\\Local\\Programs\\Python\\Python312\\Lib\\site-packages\\starlette\\middleware\\base.py\", line 187, in __call__\n    response = await self.dispatch_func(request, call_next)\n               ^^^^^^^^^^^^^^^^^^^^^^^^^^^^^^^^^^^^^^^^^^^^\n  File \"C:\\Users\\Allot\\OneDrive\\Desktop\\TCA-IRR-APP-main- simplify\\backend\\app\\middleware\\error_handling.py\", line 68, in dispatch\n    response = await call_next(request)\n               ^^^^^^^^^^^^^^^^^^^^^^^^\n  File \"C:\\Users\\Allot\\AppData\\Local\\Programs\\Python\\Python312\\Lib\\site-packages\\starlette\\middleware\\base.py\", line 163, in call_next\n    raise app_exc\n  File \"C:\\Users\\Allot\\AppData\\Local\\Programs\\Python\\Python312\\Lib\\site-packages\\starlette\\middleware\\base.py\", line 149, in coro\n    await self.app(scope, receive_or_disconnect, send_no_error)\n  File \"C:\\Users\\Allot\\AppData\\Local\\Programs\\Python\\Python312\\Lib\\site-packages\\starlette\\middleware\\base.py\", line 187, in __call__\n    response = await self.dispatch_func(request, call_next)\n               ^^^^^^^^^^^^^^^^^^^^^^^^^^^^^^^^^^^^^^^^^^^^\n  File \"C:\\Users\\Allot\\OneDrive\\Desktop\\TCA-IRR-APP-main- simplify\\backend\\app\\middleware\\error_handling.py\", line 51, in dispatch\n    return JSONResponse(\n           ^^^^^^^^^^^^^\n  File \"C:\\Users\\Allot\\AppData\\Local\\Programs\\Python\\Python312\\Lib\\site-packages\\starlette\\responses.py\", line 180, in __init__\n    super().__init__(content, status_code, headers, media_type, background)\n  File \"C:\\Users\\Allot\\AppData\\Local\\Programs\\Python\\Python312\\Lib\\site-packages\\starlette\\responses.py\", line 43, in __init__\n    self.body = self.render(content)\n                ^^^^^^^^^^^^^^^^^^^^\n  File \"C:\\Users\\Allot\\AppData\\Local\\Programs\\Python\\Python312\\Lib\\site-packages\\starlette\\responses.py\", line 183, in render\n    return json.dumps(\n           ^^^^^^^^^^^\n  File \"C:\\Users\\Allot\\AppData\\Local\\Programs\\Python\\Python312\\Lib\\json\\__init__.py\", line 238, in dumps\n    **kw).encode(obj)\n          ^^^^^^^^^^^\n  File \"C:\\Users\\Allot\\AppData\\Local\\Programs\\Python\\Python312\\Lib\\json\\encoder.py\", line 200, in encode\n    chunks = self.iterencode(o, _one_shot=True)\n             ^^^^^^^^^^^^^^^^^^^^^^^^^^^^^^^^^^\n  File \"C:\\Users\\Allot\\AppData\\Local\\Programs\\Python\\Python312\\Lib\\json\\encoder.py\", line 258, in iterencode\n    return _iterencode(o, 0)\n           ^^^^^^^^^^^^^^^^^\n  File \"C:\\Users\\Allot\\AppData\\Local\\Programs\\Python\\Python312\\Lib\\json\\encoder.py\", line 180, in default\n    raise TypeError(f'Object of type {o.__class__.__name__} '\nTypeError: Object of type datetime is not JSON serializable"}
{"timestamp": "2025-11-07T05:12:57.507741", "level": "ERROR", "logger": "main", "message": "Unhandled exception: Object of type datetime is not JSON serializable", "module": "main", "function": "global_exception_handler", "line": 112, "exception": "Traceback (most recent call last):\n  File \"C:\\Users\\Allot\\AppData\\Local\\Programs\\Python\\Python312\\Lib\\site-packages\\anyio\\streams\\memory.py\", line 98, in receive\n    return self.receive_nowait()\n           ^^^^^^^^^^^^^^^^^^^^^\n  File \"C:\\Users\\Allot\\AppData\\Local\\Programs\\Python\\Python312\\Lib\\site-packages\\anyio\\streams\\memory.py\", line 93, in receive_nowait\n    raise WouldBlock\nanyio.WouldBlock\n\nDuring handling of the above exception, another exception occurred:\n\nTraceback (most recent call last):\n  File \"C:\\Users\\Allot\\AppData\\Local\\Programs\\Python\\Python312\\Lib\\site-packages\\starlette\\middleware\\base.py\", line 157, in call_next\n    message = await recv_stream.receive()\n              ^^^^^^^^^^^^^^^^^^^^^^^^^^^\n  File \"C:\\Users\\Allot\\AppData\\Local\\Programs\\Python\\Python312\\Lib\\site-packages\\anyio\\streams\\memory.py\", line 118, in receive\n    raise EndOfStream\nanyio.EndOfStream\n\nDuring handling of the above exception, another exception occurred:\n\nTraceback (most recent call last):\n  File \"C:\\Users\\Allot\\AppData\\Local\\Programs\\Python\\Python312\\Lib\\site-packages\\starlette\\middleware\\errors.py\", line 165, in __call__\n    await self.app(scope, receive, _send)\n  File \"C:\\Users\\Allot\\AppData\\Local\\Programs\\Python\\Python312\\Lib\\site-packages\\starlette\\middleware\\trustedhost.py\", line 36, in __call__\n    await self.app(scope, receive, send)\n  File \"C:\\Users\\Allot\\AppData\\Local\\Programs\\Python\\Python312\\Lib\\site-packages\\starlette\\middleware\\cors.py\", line 85, in __call__\n    await self.app(scope, receive, send)\n  File \"C:\\Users\\Allot\\AppData\\Local\\Programs\\Python\\Python312\\Lib\\site-packages\\starlette\\middleware\\base.py\", line 187, in __call__\n    response = await self.dispatch_func(request, call_next)\n               ^^^^^^^^^^^^^^^^^^^^^^^^^^^^^^^^^^^^^^^^^^^^\n  File \"C:\\Users\\Allot\\OneDrive\\Desktop\\TCA-IRR-APP-main- simplify\\backend\\app\\middleware\\error_handling.py\", line 168, in dispatch\n    return await call_next(request)\n           ^^^^^^^^^^^^^^^^^^^^^^^^\n  File \"C:\\Users\\Allot\\AppData\\Local\\Programs\\Python\\Python312\\Lib\\site-packages\\starlette\\middleware\\base.py\", line 163, in call_next\n    raise app_exc\n  File \"C:\\Users\\Allot\\AppData\\Local\\Programs\\Python\\Python312\\Lib\\site-packages\\starlette\\middleware\\base.py\", line 149, in coro\n    await self.app(scope, receive_or_disconnect, send_no_error)\n  File \"C:\\Users\\Allot\\AppData\\Local\\Programs\\Python\\Python312\\Lib\\site-packages\\starlette\\middleware\\base.py\", line 187, in __call__\n    response = await self.dispatch_func(request, call_next)\n               ^^^^^^^^^^^^^^^^^^^^^^^^^^^^^^^^^^^^^^^^^^^^\n  File \"C:\\Users\\Allot\\OneDrive\\Desktop\\TCA-IRR-APP-main- simplify\\backend\\app\\middleware\\error_handling.py\", line 68, in dispatch\n    response = await call_next(request)\n               ^^^^^^^^^^^^^^^^^^^^^^^^\n  File \"C:\\Users\\Allot\\AppData\\Local\\Programs\\Python\\Python312\\Lib\\site-packages\\starlette\\middleware\\base.py\", line 163, in call_next\n    raise app_exc\n  File \"C:\\Users\\Allot\\AppData\\Local\\Programs\\Python\\Python312\\Lib\\site-packages\\starlette\\middleware\\base.py\", line 149, in coro\n    await self.app(scope, receive_or_disconnect, send_no_error)\n  File \"C:\\Users\\Allot\\AppData\\Local\\Programs\\Python\\Python312\\Lib\\site-packages\\starlette\\middleware\\base.py\", line 187, in __call__\n    response = await self.dispatch_func(request, call_next)\n               ^^^^^^^^^^^^^^^^^^^^^^^^^^^^^^^^^^^^^^^^^^^^\n  File \"C:\\Users\\Allot\\OneDrive\\Desktop\\TCA-IRR-APP-main- simplify\\backend\\app\\middleware\\error_handling.py\", line 51, in dispatch\n    return JSONResponse(\n           ^^^^^^^^^^^^^\n  File \"C:\\Users\\Allot\\AppData\\Local\\Programs\\Python\\Python312\\Lib\\site-packages\\starlette\\responses.py\", line 180, in __init__\n    super().__init__(content, status_code, headers, media_type, background)\n  File \"C:\\Users\\Allot\\AppData\\Local\\Programs\\Python\\Python312\\Lib\\site-packages\\starlette\\responses.py\", line 43, in __init__\n    self.body = self.render(content)\n                ^^^^^^^^^^^^^^^^^^^^\n  File \"C:\\Users\\Allot\\AppData\\Local\\Programs\\Python\\Python312\\Lib\\site-packages\\starlette\\responses.py\", line 183, in render\n    return json.dumps(\n           ^^^^^^^^^^^\n  File \"C:\\Users\\Allot\\AppData\\Local\\Programs\\Python\\Python312\\Lib\\json\\__init__.py\", line 238, in dumps\n    **kw).encode(obj)\n          ^^^^^^^^^^^\n  File \"C:\\Users\\Allot\\AppData\\Local\\Programs\\Python\\Python312\\Lib\\json\\encoder.py\", line 200, in encode\n    chunks = self.iterencode(o, _one_shot=True)\n             ^^^^^^^^^^^^^^^^^^^^^^^^^^^^^^^^^^\n  File \"C:\\Users\\Allot\\AppData\\Local\\Programs\\Python\\Python312\\Lib\\json\\encoder.py\", line 258, in iterencode\n    return _iterencode(o, 0)\n           ^^^^^^^^^^^^^^^^^\n  File \"C:\\Users\\Allot\\AppData\\Local\\Programs\\Python\\Python312\\Lib\\json\\encoder.py\", line 180, in default\n    raise TypeError(f'Object of type {o.__class__.__name__} '\nTypeError: Object of type datetime is not JSON serializable"}
{"timestamp": "2025-11-07T05:12:57.558448", "level": "ERROR", "logger": "main", "message": "Unhandled exception: Object of type datetime is not JSON serializable", "module": "main", "function": "global_exception_handler", "line": 112, "exception": "Traceback (most recent call last):\n  File \"C:\\Users\\Allot\\AppData\\Local\\Programs\\Python\\Python312\\Lib\\site-packages\\anyio\\streams\\memory.py\", line 98, in receive\n    return self.receive_nowait()\n           ^^^^^^^^^^^^^^^^^^^^^\n  File \"C:\\Users\\Allot\\AppData\\Local\\Programs\\Python\\Python312\\Lib\\site-packages\\anyio\\streams\\memory.py\", line 93, in receive_nowait\n    raise WouldBlock\nanyio.WouldBlock\n\nDuring handling of the above exception, another exception occurred:\n\nTraceback (most recent call last):\n  File \"C:\\Users\\Allot\\AppData\\Local\\Programs\\Python\\Python312\\Lib\\site-packages\\starlette\\middleware\\base.py\", line 157, in call_next\n    message = await recv_stream.receive()\n              ^^^^^^^^^^^^^^^^^^^^^^^^^^^\n  File \"C:\\Users\\Allot\\AppData\\Local\\Programs\\Python\\Python312\\Lib\\site-packages\\anyio\\streams\\memory.py\", line 118, in receive\n    raise EndOfStream\nanyio.EndOfStream\n\nDuring handling of the above exception, another exception occurred:\n\nTraceback (most recent call last):\n  File \"C:\\Users\\Allot\\AppData\\Local\\Programs\\Python\\Python312\\Lib\\site-packages\\starlette\\middleware\\errors.py\", line 165, in __call__\n    await self.app(scope, receive, _send)\n  File \"C:\\Users\\Allot\\AppData\\Local\\Programs\\Python\\Python312\\Lib\\site-packages\\starlette\\middleware\\trustedhost.py\", line 36, in __call__\n    await self.app(scope, receive, send)\n  File \"C:\\Users\\Allot\\AppData\\Local\\Programs\\Python\\Python312\\Lib\\site-packages\\starlette\\middleware\\cors.py\", line 85, in __call__\n    await self.app(scope, receive, send)\n  File \"C:\\Users\\Allot\\AppData\\Local\\Programs\\Python\\Python312\\Lib\\site-packages\\starlette\\middleware\\base.py\", line 187, in __call__\n    response = await self.dispatch_func(request, call_next)\n               ^^^^^^^^^^^^^^^^^^^^^^^^^^^^^^^^^^^^^^^^^^^^\n  File \"C:\\Users\\Allot\\OneDrive\\Desktop\\TCA-IRR-APP-main- simplify\\backend\\app\\middleware\\error_handling.py\", line 168, in dispatch\n    return await call_next(request)\n           ^^^^^^^^^^^^^^^^^^^^^^^^\n  File \"C:\\Users\\Allot\\AppData\\Local\\Programs\\Python\\Python312\\Lib\\site-packages\\starlette\\middleware\\base.py\", line 163, in call_next\n    raise app_exc\n  File \"C:\\Users\\Allot\\AppData\\Local\\Programs\\Python\\Python312\\Lib\\site-packages\\starlette\\middleware\\base.py\", line 149, in coro\n    await self.app(scope, receive_or_disconnect, send_no_error)\n  File \"C:\\Users\\Allot\\AppData\\Local\\Programs\\Python\\Python312\\Lib\\site-packages\\starlette\\middleware\\base.py\", line 187, in __call__\n    response = await self.dispatch_func(request, call_next)\n               ^^^^^^^^^^^^^^^^^^^^^^^^^^^^^^^^^^^^^^^^^^^^\n  File \"C:\\Users\\Allot\\OneDrive\\Desktop\\TCA-IRR-APP-main- simplify\\backend\\app\\middleware\\error_handling.py\", line 68, in dispatch\n    response = await call_next(request)\n               ^^^^^^^^^^^^^^^^^^^^^^^^\n  File \"C:\\Users\\Allot\\AppData\\Local\\Programs\\Python\\Python312\\Lib\\site-packages\\starlette\\middleware\\base.py\", line 163, in call_next\n    raise app_exc\n  File \"C:\\Users\\Allot\\AppData\\Local\\Programs\\Python\\Python312\\Lib\\site-packages\\starlette\\middleware\\base.py\", line 149, in coro\n    await self.app(scope, receive_or_disconnect, send_no_error)\n  File \"C:\\Users\\Allot\\AppData\\Local\\Programs\\Python\\Python312\\Lib\\site-packages\\starlette\\middleware\\base.py\", line 187, in __call__\n    response = await self.dispatch_func(request, call_next)\n               ^^^^^^^^^^^^^^^^^^^^^^^^^^^^^^^^^^^^^^^^^^^^\n  File \"C:\\Users\\Allot\\OneDrive\\Desktop\\TCA-IRR-APP-main- simplify\\backend\\app\\middleware\\error_handling.py\", line 51, in dispatch\n    return JSONResponse(\n           ^^^^^^^^^^^^^\n  File \"C:\\Users\\Allot\\AppData\\Local\\Programs\\Python\\Python312\\Lib\\site-packages\\starlette\\responses.py\", line 180, in __init__\n    super().__init__(content, status_code, headers, media_type, background)\n  File \"C:\\Users\\Allot\\AppData\\Local\\Programs\\Python\\Python312\\Lib\\site-packages\\starlette\\responses.py\", line 43, in __init__\n    self.body = self.render(content)\n                ^^^^^^^^^^^^^^^^^^^^\n  File \"C:\\Users\\Allot\\AppData\\Local\\Programs\\Python\\Python312\\Lib\\site-packages\\starlette\\responses.py\", line 183, in render\n    return json.dumps(\n           ^^^^^^^^^^^\n  File \"C:\\Users\\Allot\\AppData\\Local\\Programs\\Python\\Python312\\Lib\\json\\__init__.py\", line 238, in dumps\n    **kw).encode(obj)\n          ^^^^^^^^^^^\n  File \"C:\\Users\\Allot\\AppData\\Local\\Programs\\Python\\Python312\\Lib\\json\\encoder.py\", line 200, in encode\n    chunks = self.iterencode(o, _one_shot=True)\n             ^^^^^^^^^^^^^^^^^^^^^^^^^^^^^^^^^^\n  File \"C:\\Users\\Allot\\AppData\\Local\\Programs\\Python\\Python312\\Lib\\json\\encoder.py\", line 258, in iterencode\n    return _iterencode(o, 0)\n           ^^^^^^^^^^^^^^^^^\n  File \"C:\\Users\\Allot\\AppData\\Local\\Programs\\Python\\Python312\\Lib\\json\\encoder.py\", line 180, in default\n    raise TypeError(f'Object of type {o.__class__.__name__} '\nTypeError: Object of type datetime is not JSON serializable"}
{"timestamp": "2025-11-07T05:12:57.605197", "level": "ERROR", "logger": "main", "message": "Unhandled exception: Object of type datetime is not JSON serializable", "module": "main", "function": "global_exception_handler", "line": 112, "exception": "Traceback (most recent call last):\n  File \"C:\\Users\\Allot\\AppData\\Local\\Programs\\Python\\Python312\\Lib\\site-packages\\anyio\\streams\\memory.py\", line 98, in receive\n    return self.receive_nowait()\n           ^^^^^^^^^^^^^^^^^^^^^\n  File \"C:\\Users\\Allot\\AppData\\Local\\Programs\\Python\\Python312\\Lib\\site-packages\\anyio\\streams\\memory.py\", line 93, in receive_nowait\n    raise WouldBlock\nanyio.WouldBlock\n\nDuring handling of the above exception, another exception occurred:\n\nTraceback (most recent call last):\n  File \"C:\\Users\\Allot\\AppData\\Local\\Programs\\Python\\Python312\\Lib\\site-packages\\starlette\\middleware\\base.py\", line 157, in call_next\n    message = await recv_stream.receive()\n              ^^^^^^^^^^^^^^^^^^^^^^^^^^^\n  File \"C:\\Users\\Allot\\AppData\\Local\\Programs\\Python\\Python312\\Lib\\site-packages\\anyio\\streams\\memory.py\", line 118, in receive\n    raise EndOfStream\nanyio.EndOfStream\n\nDuring handling of the above exception, another exception occurred:\n\nTraceback (most recent call last):\n  File \"C:\\Users\\Allot\\AppData\\Local\\Programs\\Python\\Python312\\Lib\\site-packages\\starlette\\middleware\\errors.py\", line 165, in __call__\n    await self.app(scope, receive, _send)\n  File \"C:\\Users\\Allot\\AppData\\Local\\Programs\\Python\\Python312\\Lib\\site-packages\\starlette\\middleware\\trustedhost.py\", line 36, in __call__\n    await self.app(scope, receive, send)\n  File \"C:\\Users\\Allot\\AppData\\Local\\Programs\\Python\\Python312\\Lib\\site-packages\\starlette\\middleware\\cors.py\", line 85, in __call__\n    await self.app(scope, receive, send)\n  File \"C:\\Users\\Allot\\AppData\\Local\\Programs\\Python\\Python312\\Lib\\site-packages\\starlette\\middleware\\base.py\", line 187, in __call__\n    response = await self.dispatch_func(request, call_next)\n               ^^^^^^^^^^^^^^^^^^^^^^^^^^^^^^^^^^^^^^^^^^^^\n  File \"C:\\Users\\Allot\\OneDrive\\Desktop\\TCA-IRR-APP-main- simplify\\backend\\app\\middleware\\error_handling.py\", line 168, in dispatch\n    return await call_next(request)\n           ^^^^^^^^^^^^^^^^^^^^^^^^\n  File \"C:\\Users\\Allot\\AppData\\Local\\Programs\\Python\\Python312\\Lib\\site-packages\\starlette\\middleware\\base.py\", line 163, in call_next\n    raise app_exc\n  File \"C:\\Users\\Allot\\AppData\\Local\\Programs\\Python\\Python312\\Lib\\site-packages\\starlette\\middleware\\base.py\", line 149, in coro\n    await self.app(scope, receive_or_disconnect, send_no_error)\n  File \"C:\\Users\\Allot\\AppData\\Local\\Programs\\Python\\Python312\\Lib\\site-packages\\starlette\\middleware\\base.py\", line 187, in __call__\n    response = await self.dispatch_func(request, call_next)\n               ^^^^^^^^^^^^^^^^^^^^^^^^^^^^^^^^^^^^^^^^^^^^\n  File \"C:\\Users\\Allot\\OneDrive\\Desktop\\TCA-IRR-APP-main- simplify\\backend\\app\\middleware\\error_handling.py\", line 68, in dispatch\n    response = await call_next(request)\n               ^^^^^^^^^^^^^^^^^^^^^^^^\n  File \"C:\\Users\\Allot\\AppData\\Local\\Programs\\Python\\Python312\\Lib\\site-packages\\starlette\\middleware\\base.py\", line 163, in call_next\n    raise app_exc\n  File \"C:\\Users\\Allot\\AppData\\Local\\Programs\\Python\\Python312\\Lib\\site-packages\\starlette\\middleware\\base.py\", line 149, in coro\n    await self.app(scope, receive_or_disconnect, send_no_error)\n  File \"C:\\Users\\Allot\\AppData\\Local\\Programs\\Python\\Python312\\Lib\\site-packages\\starlette\\middleware\\base.py\", line 187, in __call__\n    response = await self.dispatch_func(request, call_next)\n               ^^^^^^^^^^^^^^^^^^^^^^^^^^^^^^^^^^^^^^^^^^^^\n  File \"C:\\Users\\Allot\\OneDrive\\Desktop\\TCA-IRR-APP-main- simplify\\backend\\app\\middleware\\error_handling.py\", line 51, in dispatch\n    return JSONResponse(\n           ^^^^^^^^^^^^^\n  File \"C:\\Users\\Allot\\AppData\\Local\\Programs\\Python\\Python312\\Lib\\site-packages\\starlette\\responses.py\", line 180, in __init__\n    super().__init__(content, status_code, headers, media_type, background)\n  File \"C:\\Users\\Allot\\AppData\\Local\\Programs\\Python\\Python312\\Lib\\site-packages\\starlette\\responses.py\", line 43, in __init__\n    self.body = self.render(content)\n                ^^^^^^^^^^^^^^^^^^^^\n  File \"C:\\Users\\Allot\\AppData\\Local\\Programs\\Python\\Python312\\Lib\\site-packages\\starlette\\responses.py\", line 183, in render\n    return json.dumps(\n           ^^^^^^^^^^^\n  File \"C:\\Users\\Allot\\AppData\\Local\\Programs\\Python\\Python312\\Lib\\json\\__init__.py\", line 238, in dumps\n    **kw).encode(obj)\n          ^^^^^^^^^^^\n  File \"C:\\Users\\Allot\\AppData\\Local\\Programs\\Python\\Python312\\Lib\\json\\encoder.py\", line 200, in encode\n    chunks = self.iterencode(o, _one_shot=True)\n             ^^^^^^^^^^^^^^^^^^^^^^^^^^^^^^^^^^\n  File \"C:\\Users\\Allot\\AppData\\Local\\Programs\\Python\\Python312\\Lib\\json\\encoder.py\", line 258, in iterencode\n    return _iterencode(o, 0)\n           ^^^^^^^^^^^^^^^^^\n  File \"C:\\Users\\Allot\\AppData\\Local\\Programs\\Python\\Python312\\Lib\\json\\encoder.py\", line 180, in default\n    raise TypeError(f'Object of type {o.__class__.__name__} '\nTypeError: Object of type datetime is not JSON serializable"}
{"timestamp": "2025-11-07T05:12:57.662333", "level": "ERROR", "logger": "main", "message": "Unhandled exception: Object of type datetime is not JSON serializable", "module": "main", "function": "global_exception_handler", "line": 112, "exception": "Traceback (most recent call last):\n  File \"C:\\Users\\Allot\\AppData\\Local\\Programs\\Python\\Python312\\Lib\\site-packages\\anyio\\streams\\memory.py\", line 98, in receive\n    return self.receive_nowait()\n           ^^^^^^^^^^^^^^^^^^^^^\n  File \"C:\\Users\\Allot\\AppData\\Local\\Programs\\Python\\Python312\\Lib\\site-packages\\anyio\\streams\\memory.py\", line 93, in receive_nowait\n    raise WouldBlock\nanyio.WouldBlock\n\nDuring handling of the above exception, another exception occurred:\n\nTraceback (most recent call last):\n  File \"C:\\Users\\Allot\\AppData\\Local\\Programs\\Python\\Python312\\Lib\\site-packages\\starlette\\middleware\\base.py\", line 157, in call_next\n    message = await recv_stream.receive()\n              ^^^^^^^^^^^^^^^^^^^^^^^^^^^\n  File \"C:\\Users\\Allot\\AppData\\Local\\Programs\\Python\\Python312\\Lib\\site-packages\\anyio\\streams\\memory.py\", line 118, in receive\n    raise EndOfStream\nanyio.EndOfStream\n\nDuring handling of the above exception, another exception occurred:\n\nTraceback (most recent call last):\n  File \"C:\\Users\\Allot\\AppData\\Local\\Programs\\Python\\Python312\\Lib\\site-packages\\starlette\\middleware\\errors.py\", line 165, in __call__\n    await self.app(scope, receive, _send)\n  File \"C:\\Users\\Allot\\AppData\\Local\\Programs\\Python\\Python312\\Lib\\site-packages\\starlette\\middleware\\trustedhost.py\", line 36, in __call__\n    await self.app(scope, receive, send)\n  File \"C:\\Users\\Allot\\AppData\\Local\\Programs\\Python\\Python312\\Lib\\site-packages\\starlette\\middleware\\cors.py\", line 85, in __call__\n    await self.app(scope, receive, send)\n  File \"C:\\Users\\Allot\\AppData\\Local\\Programs\\Python\\Python312\\Lib\\site-packages\\starlette\\middleware\\base.py\", line 187, in __call__\n    response = await self.dispatch_func(request, call_next)\n               ^^^^^^^^^^^^^^^^^^^^^^^^^^^^^^^^^^^^^^^^^^^^\n  File \"C:\\Users\\Allot\\OneDrive\\Desktop\\TCA-IRR-APP-main- simplify\\backend\\app\\middleware\\error_handling.py\", line 168, in dispatch\n    return await call_next(request)\n           ^^^^^^^^^^^^^^^^^^^^^^^^\n  File \"C:\\Users\\Allot\\AppData\\Local\\Programs\\Python\\Python312\\Lib\\site-packages\\starlette\\middleware\\base.py\", line 163, in call_next\n    raise app_exc\n  File \"C:\\Users\\Allot\\AppData\\Local\\Programs\\Python\\Python312\\Lib\\site-packages\\starlette\\middleware\\base.py\", line 149, in coro\n    await self.app(scope, receive_or_disconnect, send_no_error)\n  File \"C:\\Users\\Allot\\AppData\\Local\\Programs\\Python\\Python312\\Lib\\site-packages\\starlette\\middleware\\base.py\", line 187, in __call__\n    response = await self.dispatch_func(request, call_next)\n               ^^^^^^^^^^^^^^^^^^^^^^^^^^^^^^^^^^^^^^^^^^^^\n  File \"C:\\Users\\Allot\\OneDrive\\Desktop\\TCA-IRR-APP-main- simplify\\backend\\app\\middleware\\error_handling.py\", line 68, in dispatch\n    response = await call_next(request)\n               ^^^^^^^^^^^^^^^^^^^^^^^^\n  File \"C:\\Users\\Allot\\AppData\\Local\\Programs\\Python\\Python312\\Lib\\site-packages\\starlette\\middleware\\base.py\", line 163, in call_next\n    raise app_exc\n  File \"C:\\Users\\Allot\\AppData\\Local\\Programs\\Python\\Python312\\Lib\\site-packages\\starlette\\middleware\\base.py\", line 149, in coro\n    await self.app(scope, receive_or_disconnect, send_no_error)\n  File \"C:\\Users\\Allot\\AppData\\Local\\Programs\\Python\\Python312\\Lib\\site-packages\\starlette\\middleware\\base.py\", line 187, in __call__\n    response = await self.dispatch_func(request, call_next)\n               ^^^^^^^^^^^^^^^^^^^^^^^^^^^^^^^^^^^^^^^^^^^^\n  File \"C:\\Users\\Allot\\OneDrive\\Desktop\\TCA-IRR-APP-main- simplify\\backend\\app\\middleware\\error_handling.py\", line 51, in dispatch\n    return JSONResponse(\n           ^^^^^^^^^^^^^\n  File \"C:\\Users\\Allot\\AppData\\Local\\Programs\\Python\\Python312\\Lib\\site-packages\\starlette\\responses.py\", line 180, in __init__\n    super().__init__(content, status_code, headers, media_type, background)\n  File \"C:\\Users\\Allot\\AppData\\Local\\Programs\\Python\\Python312\\Lib\\site-packages\\starlette\\responses.py\", line 43, in __init__\n    self.body = self.render(content)\n                ^^^^^^^^^^^^^^^^^^^^\n  File \"C:\\Users\\Allot\\AppData\\Local\\Programs\\Python\\Python312\\Lib\\site-packages\\starlette\\responses.py\", line 183, in render\n    return json.dumps(\n           ^^^^^^^^^^^\n  File \"C:\\Users\\Allot\\AppData\\Local\\Programs\\Python\\Python312\\Lib\\json\\__init__.py\", line 238, in dumps\n    **kw).encode(obj)\n          ^^^^^^^^^^^\n  File \"C:\\Users\\Allot\\AppData\\Local\\Programs\\Python\\Python312\\Lib\\json\\encoder.py\", line 200, in encode\n    chunks = self.iterencode(o, _one_shot=True)\n             ^^^^^^^^^^^^^^^^^^^^^^^^^^^^^^^^^^\n  File \"C:\\Users\\Allot\\AppData\\Local\\Programs\\Python\\Python312\\Lib\\json\\encoder.py\", line 258, in iterencode\n    return _iterencode(o, 0)\n           ^^^^^^^^^^^^^^^^^\n  File \"C:\\Users\\Allot\\AppData\\Local\\Programs\\Python\\Python312\\Lib\\json\\encoder.py\", line 180, in default\n    raise TypeError(f'Object of type {o.__class__.__name__} '\nTypeError: Object of type datetime is not JSON serializable"}
{"timestamp": "2025-11-07T05:12:57.696124", "level": "ERROR", "logger": "main", "message": "Unhandled exception: Object of type datetime is not JSON serializable", "module": "main", "function": "global_exception_handler", "line": 112, "exception": "Traceback (most recent call last):\n  File \"C:\\Users\\Allot\\AppData\\Local\\Programs\\Python\\Python312\\Lib\\site-packages\\anyio\\streams\\memory.py\", line 98, in receive\n    return self.receive_nowait()\n           ^^^^^^^^^^^^^^^^^^^^^\n  File \"C:\\Users\\Allot\\AppData\\Local\\Programs\\Python\\Python312\\Lib\\site-packages\\anyio\\streams\\memory.py\", line 93, in receive_nowait\n    raise WouldBlock\nanyio.WouldBlock\n\nDuring handling of the above exception, another exception occurred:\n\nTraceback (most recent call last):\n  File \"C:\\Users\\Allot\\AppData\\Local\\Programs\\Python\\Python312\\Lib\\site-packages\\starlette\\middleware\\base.py\", line 157, in call_next\n    message = await recv_stream.receive()\n              ^^^^^^^^^^^^^^^^^^^^^^^^^^^\n  File \"C:\\Users\\Allot\\AppData\\Local\\Programs\\Python\\Python312\\Lib\\site-packages\\anyio\\streams\\memory.py\", line 118, in receive\n    raise EndOfStream\nanyio.EndOfStream\n\nDuring handling of the above exception, another exception occurred:\n\nTraceback (most recent call last):\n  File \"C:\\Users\\Allot\\AppData\\Local\\Programs\\Python\\Python312\\Lib\\site-packages\\starlette\\middleware\\errors.py\", line 165, in __call__\n    await self.app(scope, receive, _send)\n  File \"C:\\Users\\Allot\\AppData\\Local\\Programs\\Python\\Python312\\Lib\\site-packages\\starlette\\middleware\\trustedhost.py\", line 36, in __call__\n    await self.app(scope, receive, send)\n  File \"C:\\Users\\Allot\\AppData\\Local\\Programs\\Python\\Python312\\Lib\\site-packages\\starlette\\middleware\\cors.py\", line 85, in __call__\n    await self.app(scope, receive, send)\n  File \"C:\\Users\\Allot\\AppData\\Local\\Programs\\Python\\Python312\\Lib\\site-packages\\starlette\\middleware\\base.py\", line 187, in __call__\n    response = await self.dispatch_func(request, call_next)\n               ^^^^^^^^^^^^^^^^^^^^^^^^^^^^^^^^^^^^^^^^^^^^\n  File \"C:\\Users\\Allot\\OneDrive\\Desktop\\TCA-IRR-APP-main- simplify\\backend\\app\\middleware\\error_handling.py\", line 168, in dispatch\n    return await call_next(request)\n           ^^^^^^^^^^^^^^^^^^^^^^^^\n  File \"C:\\Users\\Allot\\AppData\\Local\\Programs\\Python\\Python312\\Lib\\site-packages\\starlette\\middleware\\base.py\", line 163, in call_next\n    raise app_exc\n  File \"C:\\Users\\Allot\\AppData\\Local\\Programs\\Python\\Python312\\Lib\\site-packages\\starlette\\middleware\\base.py\", line 149, in coro\n    await self.app(scope, receive_or_disconnect, send_no_error)\n  File \"C:\\Users\\Allot\\AppData\\Local\\Programs\\Python\\Python312\\Lib\\site-packages\\starlette\\middleware\\base.py\", line 187, in __call__\n    response = await self.dispatch_func(request, call_next)\n               ^^^^^^^^^^^^^^^^^^^^^^^^^^^^^^^^^^^^^^^^^^^^\n  File \"C:\\Users\\Allot\\OneDrive\\Desktop\\TCA-IRR-APP-main- simplify\\backend\\app\\middleware\\error_handling.py\", line 68, in dispatch\n    response = await call_next(request)\n               ^^^^^^^^^^^^^^^^^^^^^^^^\n  File \"C:\\Users\\Allot\\AppData\\Local\\Programs\\Python\\Python312\\Lib\\site-packages\\starlette\\middleware\\base.py\", line 163, in call_next\n    raise app_exc\n  File \"C:\\Users\\Allot\\AppData\\Local\\Programs\\Python\\Python312\\Lib\\site-packages\\starlette\\middleware\\base.py\", line 149, in coro\n    await self.app(scope, receive_or_disconnect, send_no_error)\n  File \"C:\\Users\\Allot\\AppData\\Local\\Programs\\Python\\Python312\\Lib\\site-packages\\starlette\\middleware\\base.py\", line 187, in __call__\n    response = await self.dispatch_func(request, call_next)\n               ^^^^^^^^^^^^^^^^^^^^^^^^^^^^^^^^^^^^^^^^^^^^\n  File \"C:\\Users\\Allot\\OneDrive\\Desktop\\TCA-IRR-APP-main- simplify\\backend\\app\\middleware\\error_handling.py\", line 51, in dispatch\n    return JSONResponse(\n           ^^^^^^^^^^^^^\n  File \"C:\\Users\\Allot\\AppData\\Local\\Programs\\Python\\Python312\\Lib\\site-packages\\starlette\\responses.py\", line 180, in __init__\n    super().__init__(content, status_code, headers, media_type, background)\n  File \"C:\\Users\\Allot\\AppData\\Local\\Programs\\Python\\Python312\\Lib\\site-packages\\starlette\\responses.py\", line 43, in __init__\n    self.body = self.render(content)\n                ^^^^^^^^^^^^^^^^^^^^\n  File \"C:\\Users\\Allot\\AppData\\Local\\Programs\\Python\\Python312\\Lib\\site-packages\\starlette\\responses.py\", line 183, in render\n    return json.dumps(\n           ^^^^^^^^^^^\n  File \"C:\\Users\\Allot\\AppData\\Local\\Programs\\Python\\Python312\\Lib\\json\\__init__.py\", line 238, in dumps\n    **kw).encode(obj)\n          ^^^^^^^^^^^\n  File \"C:\\Users\\Allot\\AppData\\Local\\Programs\\Python\\Python312\\Lib\\json\\encoder.py\", line 200, in encode\n    chunks = self.iterencode(o, _one_shot=True)\n             ^^^^^^^^^^^^^^^^^^^^^^^^^^^^^^^^^^\n  File \"C:\\Users\\Allot\\AppData\\Local\\Programs\\Python\\Python312\\Lib\\json\\encoder.py\", line 258, in iterencode\n    return _iterencode(o, 0)\n           ^^^^^^^^^^^^^^^^^\n  File \"C:\\Users\\Allot\\AppData\\Local\\Programs\\Python\\Python312\\Lib\\json\\encoder.py\", line 180, in default\n    raise TypeError(f'Object of type {o.__class__.__name__} '\nTypeError: Object of type datetime is not JSON serializable"}
{"timestamp": "2025-11-07T05:12:57.726960", "level": "ERROR", "logger": "main", "message": "Unhandled exception: Object of type datetime is not JSON serializable", "module": "main", "function": "global_exception_handler", "line": 112, "exception": "Traceback (most recent call last):\n  File \"C:\\Users\\Allot\\AppData\\Local\\Programs\\Python\\Python312\\Lib\\site-packages\\anyio\\streams\\memory.py\", line 98, in receive\n    return self.receive_nowait()\n           ^^^^^^^^^^^^^^^^^^^^^\n  File \"C:\\Users\\Allot\\AppData\\Local\\Programs\\Python\\Python312\\Lib\\site-packages\\anyio\\streams\\memory.py\", line 93, in receive_nowait\n    raise WouldBlock\nanyio.WouldBlock\n\nDuring handling of the above exception, another exception occurred:\n\nTraceback (most recent call last):\n  File \"C:\\Users\\Allot\\AppData\\Local\\Programs\\Python\\Python312\\Lib\\site-packages\\starlette\\middleware\\base.py\", line 157, in call_next\n    message = await recv_stream.receive()\n              ^^^^^^^^^^^^^^^^^^^^^^^^^^^\n  File \"C:\\Users\\Allot\\AppData\\Local\\Programs\\Python\\Python312\\Lib\\site-packages\\anyio\\streams\\memory.py\", line 118, in receive\n    raise EndOfStream\nanyio.EndOfStream\n\nDuring handling of the above exception, another exception occurred:\n\nTraceback (most recent call last):\n  File \"C:\\Users\\Allot\\AppData\\Local\\Programs\\Python\\Python312\\Lib\\site-packages\\starlette\\middleware\\errors.py\", line 165, in __call__\n    await self.app(scope, receive, _send)\n  File \"C:\\Users\\Allot\\AppData\\Local\\Programs\\Python\\Python312\\Lib\\site-packages\\starlette\\middleware\\trustedhost.py\", line 36, in __call__\n    await self.app(scope, receive, send)\n  File \"C:\\Users\\Allot\\AppData\\Local\\Programs\\Python\\Python312\\Lib\\site-packages\\starlette\\middleware\\cors.py\", line 85, in __call__\n    await self.app(scope, receive, send)\n  File \"C:\\Users\\Allot\\AppData\\Local\\Programs\\Python\\Python312\\Lib\\site-packages\\starlette\\middleware\\base.py\", line 187, in __call__\n    response = await self.dispatch_func(request, call_next)\n               ^^^^^^^^^^^^^^^^^^^^^^^^^^^^^^^^^^^^^^^^^^^^\n  File \"C:\\Users\\Allot\\OneDrive\\Desktop\\TCA-IRR-APP-main- simplify\\backend\\app\\middleware\\error_handling.py\", line 168, in dispatch\n    return await call_next(request)\n           ^^^^^^^^^^^^^^^^^^^^^^^^\n  File \"C:\\Users\\Allot\\AppData\\Local\\Programs\\Python\\Python312\\Lib\\site-packages\\starlette\\middleware\\base.py\", line 163, in call_next\n    raise app_exc\n  File \"C:\\Users\\Allot\\AppData\\Local\\Programs\\Python\\Python312\\Lib\\site-packages\\starlette\\middleware\\base.py\", line 149, in coro\n    await self.app(scope, receive_or_disconnect, send_no_error)\n  File \"C:\\Users\\Allot\\AppData\\Local\\Programs\\Python\\Python312\\Lib\\site-packages\\starlette\\middleware\\base.py\", line 187, in __call__\n    response = await self.dispatch_func(request, call_next)\n               ^^^^^^^^^^^^^^^^^^^^^^^^^^^^^^^^^^^^^^^^^^^^\n  File \"C:\\Users\\Allot\\OneDrive\\Desktop\\TCA-IRR-APP-main- simplify\\backend\\app\\middleware\\error_handling.py\", line 68, in dispatch\n    response = await call_next(request)\n               ^^^^^^^^^^^^^^^^^^^^^^^^\n  File \"C:\\Users\\Allot\\AppData\\Local\\Programs\\Python\\Python312\\Lib\\site-packages\\starlette\\middleware\\base.py\", line 163, in call_next\n    raise app_exc\n  File \"C:\\Users\\Allot\\AppData\\Local\\Programs\\Python\\Python312\\Lib\\site-packages\\starlette\\middleware\\base.py\", line 149, in coro\n    await self.app(scope, receive_or_disconnect, send_no_error)\n  File \"C:\\Users\\Allot\\AppData\\Local\\Programs\\Python\\Python312\\Lib\\site-packages\\starlette\\middleware\\base.py\", line 187, in __call__\n    response = await self.dispatch_func(request, call_next)\n               ^^^^^^^^^^^^^^^^^^^^^^^^^^^^^^^^^^^^^^^^^^^^\n  File \"C:\\Users\\Allot\\OneDrive\\Desktop\\TCA-IRR-APP-main- simplify\\backend\\app\\middleware\\error_handling.py\", line 51, in dispatch\n    return JSONResponse(\n           ^^^^^^^^^^^^^\n  File \"C:\\Users\\Allot\\AppData\\Local\\Programs\\Python\\Python312\\Lib\\site-packages\\starlette\\responses.py\", line 180, in __init__\n    super().__init__(content, status_code, headers, media_type, background)\n  File \"C:\\Users\\Allot\\AppData\\Local\\Programs\\Python\\Python312\\Lib\\site-packages\\starlette\\responses.py\", line 43, in __init__\n    self.body = self.render(content)\n                ^^^^^^^^^^^^^^^^^^^^\n  File \"C:\\Users\\Allot\\AppData\\Local\\Programs\\Python\\Python312\\Lib\\site-packages\\starlette\\responses.py\", line 183, in render\n    return json.dumps(\n           ^^^^^^^^^^^\n  File \"C:\\Users\\Allot\\AppData\\Local\\Programs\\Python\\Python312\\Lib\\json\\__init__.py\", line 238, in dumps\n    **kw).encode(obj)\n          ^^^^^^^^^^^\n  File \"C:\\Users\\Allot\\AppData\\Local\\Programs\\Python\\Python312\\Lib\\json\\encoder.py\", line 200, in encode\n    chunks = self.iterencode(o, _one_shot=True)\n             ^^^^^^^^^^^^^^^^^^^^^^^^^^^^^^^^^^\n  File \"C:\\Users\\Allot\\AppData\\Local\\Programs\\Python\\Python312\\Lib\\json\\encoder.py\", line 258, in iterencode\n    return _iterencode(o, 0)\n           ^^^^^^^^^^^^^^^^^\n  File \"C:\\Users\\Allot\\AppData\\Local\\Programs\\Python\\Python312\\Lib\\json\\encoder.py\", line 180, in default\n    raise TypeError(f'Object of type {o.__class__.__name__} '\nTypeError: Object of type datetime is not JSON serializable"}
{"timestamp": "2025-11-07T05:12:57.757668", "level": "ERROR", "logger": "main", "message": "Unhandled exception: Object of type datetime is not JSON serializable", "module": "main", "function": "global_exception_handler", "line": 112, "exception": "Traceback (most recent call last):\n  File \"C:\\Users\\Allot\\AppData\\Local\\Programs\\Python\\Python312\\Lib\\site-packages\\anyio\\streams\\memory.py\", line 98, in receive\n    return self.receive_nowait()\n           ^^^^^^^^^^^^^^^^^^^^^\n  File \"C:\\Users\\Allot\\AppData\\Local\\Programs\\Python\\Python312\\Lib\\site-packages\\anyio\\streams\\memory.py\", line 93, in receive_nowait\n    raise WouldBlock\nanyio.WouldBlock\n\nDuring handling of the above exception, another exception occurred:\n\nTraceback (most recent call last):\n  File \"C:\\Users\\Allot\\AppData\\Local\\Programs\\Python\\Python312\\Lib\\site-packages\\starlette\\middleware\\base.py\", line 157, in call_next\n    message = await recv_stream.receive()\n              ^^^^^^^^^^^^^^^^^^^^^^^^^^^\n  File \"C:\\Users\\Allot\\AppData\\Local\\Programs\\Python\\Python312\\Lib\\site-packages\\anyio\\streams\\memory.py\", line 118, in receive\n    raise EndOfStream\nanyio.EndOfStream\n\nDuring handling of the above exception, another exception occurred:\n\nTraceback (most recent call last):\n  File \"C:\\Users\\Allot\\AppData\\Local\\Programs\\Python\\Python312\\Lib\\site-packages\\starlette\\middleware\\errors.py\", line 165, in __call__\n    await self.app(scope, receive, _send)\n  File \"C:\\Users\\Allot\\AppData\\Local\\Programs\\Python\\Python312\\Lib\\site-packages\\starlette\\middleware\\trustedhost.py\", line 36, in __call__\n    await self.app(scope, receive, send)\n  File \"C:\\Users\\Allot\\AppData\\Local\\Programs\\Python\\Python312\\Lib\\site-packages\\starlette\\middleware\\cors.py\", line 85, in __call__\n    await self.app(scope, receive, send)\n  File \"C:\\Users\\Allot\\AppData\\Local\\Programs\\Python\\Python312\\Lib\\site-packages\\starlette\\middleware\\base.py\", line 187, in __call__\n    response = await self.dispatch_func(request, call_next)\n               ^^^^^^^^^^^^^^^^^^^^^^^^^^^^^^^^^^^^^^^^^^^^\n  File \"C:\\Users\\Allot\\OneDrive\\Desktop\\TCA-IRR-APP-main- simplify\\backend\\app\\middleware\\error_handling.py\", line 168, in dispatch\n    return await call_next(request)\n           ^^^^^^^^^^^^^^^^^^^^^^^^\n  File \"C:\\Users\\Allot\\AppData\\Local\\Programs\\Python\\Python312\\Lib\\site-packages\\starlette\\middleware\\base.py\", line 163, in call_next\n    raise app_exc\n  File \"C:\\Users\\Allot\\AppData\\Local\\Programs\\Python\\Python312\\Lib\\site-packages\\starlette\\middleware\\base.py\", line 149, in coro\n    await self.app(scope, receive_or_disconnect, send_no_error)\n  File \"C:\\Users\\Allot\\AppData\\Local\\Programs\\Python\\Python312\\Lib\\site-packages\\starlette\\middleware\\base.py\", line 187, in __call__\n    response = await self.dispatch_func(request, call_next)\n               ^^^^^^^^^^^^^^^^^^^^^^^^^^^^^^^^^^^^^^^^^^^^\n  File \"C:\\Users\\Allot\\OneDrive\\Desktop\\TCA-IRR-APP-main- simplify\\backend\\app\\middleware\\error_handling.py\", line 68, in dispatch\n    response = await call_next(request)\n               ^^^^^^^^^^^^^^^^^^^^^^^^\n  File \"C:\\Users\\Allot\\AppData\\Local\\Programs\\Python\\Python312\\Lib\\site-packages\\starlette\\middleware\\base.py\", line 163, in call_next\n    raise app_exc\n  File \"C:\\Users\\Allot\\AppData\\Local\\Programs\\Python\\Python312\\Lib\\site-packages\\starlette\\middleware\\base.py\", line 149, in coro\n    await self.app(scope, receive_or_disconnect, send_no_error)\n  File \"C:\\Users\\Allot\\AppData\\Local\\Programs\\Python\\Python312\\Lib\\site-packages\\starlette\\middleware\\base.py\", line 187, in __call__\n    response = await self.dispatch_func(request, call_next)\n               ^^^^^^^^^^^^^^^^^^^^^^^^^^^^^^^^^^^^^^^^^^^^\n  File \"C:\\Users\\Allot\\OneDrive\\Desktop\\TCA-IRR-APP-main- simplify\\backend\\app\\middleware\\error_handling.py\", line 51, in dispatch\n    return JSONResponse(\n           ^^^^^^^^^^^^^\n  File \"C:\\Users\\Allot\\AppData\\Local\\Programs\\Python\\Python312\\Lib\\site-packages\\starlette\\responses.py\", line 180, in __init__\n    super().__init__(content, status_code, headers, media_type, background)\n  File \"C:\\Users\\Allot\\AppData\\Local\\Programs\\Python\\Python312\\Lib\\site-packages\\starlette\\responses.py\", line 43, in __init__\n    self.body = self.render(content)\n                ^^^^^^^^^^^^^^^^^^^^\n  File \"C:\\Users\\Allot\\AppData\\Local\\Programs\\Python\\Python312\\Lib\\site-packages\\starlette\\responses.py\", line 183, in render\n    return json.dumps(\n           ^^^^^^^^^^^\n  File \"C:\\Users\\Allot\\AppData\\Local\\Programs\\Python\\Python312\\Lib\\json\\__init__.py\", line 238, in dumps\n    **kw).encode(obj)\n          ^^^^^^^^^^^\n  File \"C:\\Users\\Allot\\AppData\\Local\\Programs\\Python\\Python312\\Lib\\json\\encoder.py\", line 200, in encode\n    chunks = self.iterencode(o, _one_shot=True)\n             ^^^^^^^^^^^^^^^^^^^^^^^^^^^^^^^^^^\n  File \"C:\\Users\\Allot\\AppData\\Local\\Programs\\Python\\Python312\\Lib\\json\\encoder.py\", line 258, in iterencode\n    return _iterencode(o, 0)\n           ^^^^^^^^^^^^^^^^^\n  File \"C:\\Users\\Allot\\AppData\\Local\\Programs\\Python\\Python312\\Lib\\json\\encoder.py\", line 180, in default\n    raise TypeError(f'Object of type {o.__class__.__name__} '\nTypeError: Object of type datetime is not JSON serializable"}
